TN:
SF:src\index-original.ts
FN:77,isValidOriginFormat
FN:88,isValidLocalhostOrigin
FN:102,isValidCustomDomain
FN:162,(anonymous_13)
FN:256,(anonymous_14)
FN:308,(anonymous_15)
FN:313,(anonymous_16)
FN:322,(anonymous_17)
FN:327,(anonymous_18)
FN:332,(anonymous_19)
FN:370,(anonymous_20)
FN:387,(anonymous_21)
FN:535,(anonymous_22)
FN:562,(anonymous_23)
FN:589,(anonymous_24)
FN:605,(anonymous_25)
FN:614,(anonymous_26)
FN:639,(anonymous_27)
FN:650,(anonymous_28)
FN:661,(anonymous_29)
FN:706,(anonymous_30)
FN:709,(anonymous_31)
FN:724,(anonymous_32)
FN:731,(anonymous_33)
FN:732,(anonymous_34)
FN:735,(anonymous_35)
FN:743,(anonymous_36)
FNF:27
FNH:0
FNDA:0,isValidOriginFormat
FNDA:0,isValidLocalhostOrigin
FNDA:0,isValidCustomDomain
FNDA:0,(anonymous_13)
FNDA:0,(anonymous_14)
FNDA:0,(anonymous_15)
FNDA:0,(anonymous_16)
FNDA:0,(anonymous_17)
FNDA:0,(anonymous_18)
FNDA:0,(anonymous_19)
FNDA:0,(anonymous_20)
FNDA:0,(anonymous_21)
FNDA:0,(anonymous_22)
FNDA:0,(anonymous_23)
FNDA:0,(anonymous_24)
FNDA:0,(anonymous_25)
FNDA:0,(anonymous_26)
FNDA:0,(anonymous_27)
FNDA:0,(anonymous_28)
FNDA:0,(anonymous_29)
FNDA:0,(anonymous_30)
FNDA:0,(anonymous_31)
FNDA:0,(anonymous_32)
FNDA:0,(anonymous_33)
FNDA:0,(anonymous_34)
FNDA:0,(anonymous_35)
FNDA:0,(anonymous_36)
DA:5,0
DA:8,0
DA:9,0
DA:12,0
DA:13,0
DA:14,0
DA:15,0
DA:16,0
DA:17,0
DA:18,0
DA:19,0
DA:20,0
DA:23,0
DA:24,0
DA:25,0
DA:26,0
DA:27,0
DA:28,0
DA:29,0
DA:30,0
DA:33,0
DA:47,0
DA:48,0
DA:49,0
DA:52,0
DA:53,0
DA:54,0
DA:56,0
DA:57,0
DA:58,0
DA:59,0
DA:60,0
DA:61,0
DA:62,0
DA:63,0
DA:64,0
DA:65,0
DA:66,0
DA:67,0
DA:68,0
DA:69,0
DA:70,0
DA:71,0
DA:74,0
DA:78,0
DA:79,0
DA:80,0
DA:84,0
DA:89,0
DA:90,0
DA:92,0
DA:93,0
DA:95,0
DA:98,0
DA:103,0
DA:104,0
DA:105,0
DA:108,0
DA:118,0
DA:119,0
DA:120,0
DA:125,0
DA:126,0
DA:130,0
DA:131,0
DA:132,0
DA:133,0
DA:137,0
DA:139,0
DA:145,0
DA:146,0
DA:148,0
DA:162,0
DA:163,0
DA:164,0
DA:167,0
DA:170,0
DA:173,0
DA:174,0
DA:175,0
DA:178,0
DA:179,0
DA:182,0
DA:183,0
DA:184,0
DA:186,0
DA:190,0
DA:191,0
DA:194,0
DA:197,0
DA:200,0
DA:201,0
DA:203,0
DA:204,0
DA:206,0
DA:207,0
DA:210,0
DA:233,0
DA:234,0
DA:245,0
DA:246,0
DA:247,0
DA:251,0
DA:252,0
DA:255,0
DA:258,0
DA:261,0
DA:262,0
DA:263,0
DA:267,0
DA:270,0
DA:271,0
DA:275,0
DA:276,0
DA:277,0
DA:281,0
DA:283,0
DA:284,0
DA:286,0
DA:287,0
DA:292,0
DA:293,0
DA:307,0
DA:308,0
DA:313,0
DA:314,0
DA:322,0
DA:323,0
DA:327,0
DA:328,0
DA:332,0
DA:333,0
DA:335,0
DA:338,0
DA:340,0
DA:354,0
DA:363,0
DA:368,0
DA:372,0
DA:373,0
DA:377,0
DA:380,0
DA:387,0
DA:388,0
DA:392,0
DA:395,0
DA:398,0
DA:401,0
DA:402,0
DA:403,0
DA:404,0
DA:407,0
DA:408,0
DA:414,0
DA:420,0
DA:421,0
DA:424,0
DA:431,0
DA:437,0
DA:443,0
DA:449,0
DA:455,0
DA:462,0
DA:468,0
DA:475,0
DA:482,0
DA:490,0
DA:497,0
DA:504,0
DA:510,0
DA:517,0
DA:523,0
DA:529,0
DA:535,0
DA:536,0
DA:537,0
DA:538,0
DA:539,0
DA:540,0
DA:542,0
DA:552,0
DA:560,0
DA:563,0
DA:583,0
DA:584,0
DA:591,0
DA:592,0
DA:595,0
DA:596,0
DA:602,0
DA:606,0
DA:611,0
DA:615,0
DA:617,0
DA:618,0
DA:620,0
DA:621,0
DA:623,0
DA:626,0
DA:631,0
DA:637,0
DA:638,0
DA:641,0
DA:647,0
DA:650,0
DA:651,0
DA:652,0
DA:660,0
DA:661,0
DA:662,0
DA:701,0
DA:702,0
DA:703,0
DA:706,0
DA:707,0
DA:709,0
DA:710,0
DA:712,0
DA:713,0
DA:714,0
DA:716,0
DA:719,0
DA:720,0
DA:724,0
DA:725,0
DA:726,0
DA:731,0
DA:732,0
DA:735,0
DA:736,0
DA:737,0
DA:738,0
DA:743,0
DA:744,0
DA:745,0
DA:746,0
DA:748,0
DA:752,0
DA:754,0
DA:755,0
DA:758,0
LF:241
LH:0
BRDA:80,0,0,0
BRDA:80,0,1,0
BRDA:80,0,2,0
BRDA:95,1,0,0
BRDA:95,1,1,0
BRDA:95,1,2,0
BRDA:119,2,0,0
BRDA:119,2,1,0
BRDA:125,3,0,0
BRDA:125,3,1,0
BRDA:132,4,0,0
BRDA:132,4,1,0
BRDA:132,5,0,0
BRDA:132,5,1,0
BRDA:183,6,0,0
BRDA:183,6,1,0
BRDA:203,7,0,0
BRDA:203,7,1,0
BRDA:233,8,0,0
BRDA:233,8,1,0
BRDA:236,9,0,0
BRDA:236,9,1,0
BRDA:258,10,0,0
BRDA:258,10,1,0
BRDA:261,11,0,0
BRDA:261,11,1,0
BRDA:267,12,0,0
BRDA:267,12,1,0
BRDA:270,13,0,0
BRDA:270,13,1,0
BRDA:270,14,0,0
BRDA:270,14,1,0
BRDA:275,15,0,0
BRDA:275,15,1,0
BRDA:275,16,0,0
BRDA:275,16,1,0
BRDA:281,17,0,0
BRDA:281,17,1,0
BRDA:283,18,0,0
BRDA:283,18,1,0
BRDA:308,19,0,0
BRDA:308,19,1,0
BRDA:335,20,0,0
BRDA:335,20,1,0
BRDA:343,21,0,0
BRDA:343,21,1,0
BRDA:372,22,0,0
BRDA:372,22,1,0
BRDA:583,23,0,0
BRDA:583,23,1,0
BRDA:591,24,0,0
BRDA:591,24,1,0
BRDA:618,25,0,0
BRDA:618,25,1,0
BRDA:637,26,0,0
BRDA:637,26,1,0
BRDA:660,27,0,0
BRDA:660,27,1,0
BRDA:669,28,0,0
BRDA:669,28,1,0
BRDA:737,29,0,0
BRDA:737,29,1,0
BRDA:745,30,0,0
BRDA:745,30,1,0
BRDA:754,31,0,0
BRDA:754,31,1,0
BRF:66
BRH:0
end_of_record
TN:
SF:src\cache\domainCache.ts
FN:12,startDomainCachePolling
FN:20,reloadCache
FN:41,isAllowedCustomDomain
FNF:3
FNH:0
FNDA:0,startDomainCachePolling
FNDA:0,reloadCache
FNDA:0,isAllowedCustomDomain
DA:2,0
DA:3,0
DA:6,0
DA:12,0
DA:14,0
DA:17,0
DA:21,0
DA:24,0
DA:27,0
DA:28,0
DA:29,0
DA:34,0
DA:35,0
DA:41,0
DA:42,0
LF:15
LH:0
BRDA:12,0,0,0
BRDA:28,1,0,0
BRDA:28,1,1,0
BRF:3
BRH:0
end_of_record
TN:
SF:src\constants\manufacturerPlans.ts
FN:293,getManufacturerPlanLimits
FN:297,canConnectBrand
FN:302,canAddSupplyChainProduct
FN:307,canAddSupplyChainEndpoint
FN:312,canLogSupplyChainEvent
FN:317,hasFeature
FN:322,getPlanUpgradeRecommendations
FNF:7
FNH:0
FNDA:0,getManufacturerPlanLimits
FNDA:0,canConnectBrand
FNDA:0,canAddSupplyChainProduct
FNDA:0,canAddSupplyChainEndpoint
FNDA:0,canLogSupplyChainEvent
FNDA:0,hasFeature
FNDA:0,getPlanUpgradeRecommendations
DA:3,0
DA:293,0
DA:294,0
DA:297,0
DA:298,0
DA:299,0
DA:302,0
DA:303,0
DA:304,0
DA:307,0
DA:308,0
DA:309,0
DA:312,0
DA:313,0
DA:314,0
DA:317,0
DA:318,0
DA:319,0
DA:322,0
DA:328,0
DA:329,0
DA:332,0
DA:333,0
DA:337,0
DA:338,0
DA:342,0
DA:343,0
DA:347,0
DA:348,0
DA:351,0
LF:30
LH:0
BRDA:299,0,0,0
BRDA:299,0,1,0
BRDA:304,1,0,0
BRDA:304,1,1,0
BRDA:309,2,0,0
BRDA:309,2,1,0
BRDA:314,3,0,0
BRDA:314,3,1,0
BRDA:332,4,0,0
BRDA:332,4,1,0
BRDA:332,5,0,0
BRDA:332,5,1,0
BRDA:337,6,0,0
BRDA:337,6,1,0
BRDA:337,7,0,0
BRDA:337,7,1,0
BRDA:342,8,0,0
BRDA:342,8,1,0
BRDA:342,9,0,0
BRDA:342,9,1,0
BRDA:347,10,0,0
BRDA:347,10,1,0
BRDA:347,11,0,0
BRDA:347,11,1,0
BRF:24
BRH:0
end_of_record
TN:
SF:src\constants\plans.ts
FNF:0
FNH:0
DA:3,0
LF:1
LH:0
BRF:0
BRH:0
end_of_record
TN:
SF:src\constants\tokenDiscounts.ts
FNF:0
FNH:0
DA:1,0
LF:1
LH:0
BRF:0
BRH:0
end_of_record
TN:
SF:src\controllers\analytics.controller.ts
FN:46,getVotesAnalytics
FN:98,getTransactionsAnalytics
FN:134,(anonymous_2)
FN:158,getProposalAnalytics
FN:214,getProductAnalytics
FN:275,getProductAnalyticsById
FN:339,getManufacturerAnalytics
FN:389,getEngagementAnalytics
FN:442,getComparativeAnalytics
FN:504,getNftAnalytics
FN:557,getManufacturerBrandAnalytics
FN:596,(anonymous_11)
FN:617,getDashboardAnalytics
FN:669,exportAnalytics
FN:735,generateCustomReport
FN:783,generateBusinessRecommendations
FN:801,getPlanMetrics
FN:816,generateUpgradeRecommendations
FN:828,getContentType
FNF:19
FNH:0
FNDA:0,getVotesAnalytics
FNDA:0,getTransactionsAnalytics
FNDA:0,(anonymous_2)
FNDA:0,getProposalAnalytics
FNDA:0,getProductAnalytics
FNDA:0,getProductAnalyticsById
FNDA:0,getManufacturerAnalytics
FNDA:0,getEngagementAnalytics
FNDA:0,getComparativeAnalytics
FNDA:0,getNftAnalytics
FNDA:0,getManufacturerBrandAnalytics
FNDA:0,(anonymous_11)
FNDA:0,getDashboardAnalytics
FNDA:0,exportAnalytics
FNDA:0,generateCustomReport
FNDA:0,generateBusinessRecommendations
FNDA:0,getPlanMetrics
FNDA:0,generateUpgradeRecommendations
FNDA:0,getContentType
DA:3,0
DA:7,0
DA:8,0
DA:39,0
DA:40,0
DA:46,0
DA:51,0
DA:53,0
DA:54,0
DA:58,0
DA:61,0
DA:62,0
DA:65,0
DA:73,0
DA:76,0
DA:87,0
DA:89,0
DA:90,0
DA:98,0
DA:103,0
DA:104,0
DA:105,0
DA:109,0
DA:112,0
DA:113,0
DA:116,0
DA:124,0
DA:127,0
DA:135,0
DA:147,0
DA:149,0
DA:150,0
DA:158,0
DA:163,0
DA:164,0
DA:165,0
DA:169,0
DA:172,0
DA:173,0
DA:174,0
DA:176,0
DA:177,0
DA:181,0
DA:185,0
DA:192,0
DA:203,0
DA:205,0
DA:206,0
DA:214,0
DA:219,0
DA:220,0
DA:221,0
DA:225,0
DA:228,0
DA:234,0
DA:237,0
DA:247,0
DA:264,0
DA:266,0
DA:267,0
DA:275,0
DA:280,0
DA:281,0
DA:282,0
DA:286,0
DA:289,0
DA:290,0
DA:291,0
DA:293,0
DA:294,0
DA:298,0
DA:302,0
DA:311,0
DA:328,0
DA:330,0
DA:331,0
DA:339,0
DA:344,0
DA:345,0
DA:350,0
DA:353,0
DA:362,0
DA:378,0
DA:380,0
DA:381,0
DA:389,0
DA:394,0
DA:395,0
DA:396,0
DA:400,0
DA:403,0
DA:404,0
DA:407,0
DA:415,0
DA:431,0
DA:433,0
DA:434,0
DA:442,0
DA:447,0
DA:448,0
DA:449,0
DA:453,0
DA:456,0
DA:457,0
DA:459,0
DA:460,0
DA:464,0
DA:468,0
DA:476,0
DA:493,0
DA:495,0
DA:496,0
DA:504,0
DA:509,0
DA:510,0
DA:511,0
DA:515,0
DA:518,0
DA:519,0
DA:522,0
DA:530,0
DA:546,0
DA:548,0
DA:549,0
DA:557,0
DA:562,0
DA:563,0
DA:564,0
DA:566,0
DA:567,0
DA:571,0
DA:575,0
DA:576,0
DA:577,0
DA:581,0
DA:585,0
DA:591,0
DA:597,0
DA:606,0
DA:608,0
DA:609,0
DA:617,0
DA:622,0
DA:623,0
DA:624,0
DA:628,0
DA:631,0
DA:632,0
DA:635,0
DA:643,0
DA:658,0
DA:660,0
DA:661,0
DA:669,0
DA:674,0
DA:675,0
DA:676,0
DA:680,0
DA:683,0
DA:684,0
DA:687,0
DA:688,0
DA:692,0
DA:696,0
DA:697,0
DA:698,0
DA:702,0
DA:706,0
DA:714,0
DA:715,0
DA:717,0
DA:718,0
DA:720,0
DA:721,0
DA:723,0
DA:726,0
DA:727,0
DA:735,0
DA:740,0
DA:741,0
DA:742,0
DA:746,0
DA:749,0
DA:750,0
DA:753,0
DA:754,0
DA:758,0
DA:761,0
DA:764,0
DA:770,0
DA:777,0
DA:778,0
DA:784,0
DA:786,0
DA:787,0
DA:790,0
DA:791,0
DA:794,0
DA:795,0
DA:798,0
DA:802,0
DA:804,0
DA:806,0
DA:808,0
DA:810,0
DA:812,0
DA:817,0
DA:829,0
DA:830,0
DA:831,0
DA:832,0
DA:833,0
LF:212
LH:0
BRDA:53,0,0,0
BRDA:53,0,1,0
BRDA:62,1,0,0
BRDA:62,2,0,0
BRDA:68,3,0,0
BRDA:68,3,1,0
BRDA:69,4,0,0
BRDA:69,4,1,0
BRDA:69,5,0,0
BRDA:69,5,1,0
BRDA:83,6,0,0
BRDA:83,6,1,0
BRDA:104,7,0,0
BRDA:104,7,1,0
BRDA:113,8,0,0
BRDA:113,9,0,0
BRDA:119,10,0,0
BRDA:119,10,1,0
BRDA:130,11,0,0
BRDA:130,11,1,0
BRDA:131,12,0,0
BRDA:131,12,1,0
BRDA:131,13,0,0
BRDA:131,13,1,0
BRDA:134,14,0,0
BRDA:134,14,1,0
BRDA:135,15,0,0
BRDA:135,15,1,0
BRDA:164,16,0,0
BRDA:164,16,1,0
BRDA:174,17,0,0
BRDA:174,18,0,0
BRDA:176,19,0,0
BRDA:176,19,1,0
BRDA:220,20,0,0
BRDA:220,20,1,0
BRDA:230,21,0,0
BRDA:231,22,0,0
BRDA:232,23,0,0
BRDA:233,24,0,0
BRDA:250,25,0,0
BRDA:250,25,1,0
BRDA:251,26,0,0
BRDA:251,26,1,0
BRDA:252,27,0,0
BRDA:252,27,1,0
BRDA:253,28,0,0
BRDA:253,28,1,0
BRDA:260,29,0,0
BRDA:260,29,1,0
BRDA:281,30,0,0
BRDA:281,30,1,0
BRDA:291,31,0,0
BRDA:291,32,0,0
BRDA:293,33,0,0
BRDA:293,33,1,0
BRDA:314,34,0,0
BRDA:314,34,1,0
BRDA:315,35,0,0
BRDA:315,35,1,0
BRDA:316,36,0,0
BRDA:316,36,1,0
BRDA:317,37,0,0
BRDA:317,37,1,0
BRDA:318,38,0,0
BRDA:318,38,1,0
BRDA:347,39,0,0
BRDA:349,40,0,0
BRDA:365,41,0,0
BRDA:365,41,1,0
BRDA:366,42,0,0
BRDA:366,42,1,0
BRDA:367,43,0,0
BRDA:367,43,1,0
BRDA:368,44,0,0
BRDA:368,44,1,0
BRDA:374,45,0,0
BRDA:374,45,1,0
BRDA:395,46,0,0
BRDA:395,46,1,0
BRDA:404,47,0,0
BRDA:404,48,0,0
BRDA:418,49,0,0
BRDA:418,49,1,0
BRDA:419,50,0,0
BRDA:419,50,1,0
BRDA:420,51,0,0
BRDA:420,51,1,0
BRDA:421,52,0,0
BRDA:421,52,1,0
BRDA:448,53,0,0
BRDA:448,53,1,0
BRDA:457,54,0,0
BRDA:457,54,1,0
BRDA:459,55,0,0
BRDA:459,55,1,0
BRDA:459,56,0,0
BRDA:459,56,1,0
BRDA:459,56,2,0
BRDA:479,57,0,0
BRDA:479,57,1,0
BRDA:480,58,0,0
BRDA:480,58,1,0
BRDA:481,59,0,0
BRDA:481,59,1,0
BRDA:482,60,0,0
BRDA:482,60,1,0
BRDA:510,61,0,0
BRDA:510,61,1,0
BRDA:519,62,0,0
BRDA:519,63,0,0
BRDA:533,64,0,0
BRDA:533,64,1,0
BRDA:534,65,0,0
BRDA:534,65,1,0
BRDA:535,66,0,0
BRDA:535,66,1,0
BRDA:536,67,0,0
BRDA:536,67,1,0
BRDA:542,68,0,0
BRDA:542,68,1,0
BRDA:566,69,0,0
BRDA:566,69,1,0
BRDA:576,70,0,0
BRDA:576,70,1,0
BRDA:595,71,0,0
BRDA:595,71,1,0
BRDA:623,72,0,0
BRDA:623,72,1,0
BRDA:632,73,0,0
BRDA:632,73,1,0
BRDA:648,74,0,0
BRDA:648,74,1,0
BRDA:675,75,0,0
BRDA:675,75,1,0
BRDA:684,76,0,0
BRDA:684,77,0,0
BRDA:684,78,0,0
BRDA:687,79,0,0
BRDA:687,79,1,0
BRDA:696,80,0,0
BRDA:696,80,1,0
BRDA:697,81,0,0
BRDA:697,81,1,0
BRDA:697,82,0,0
BRDA:697,82,1,0
BRDA:720,83,0,0
BRDA:720,83,1,0
BRDA:741,84,0,0
BRDA:741,84,1,0
BRDA:750,85,0,0
BRDA:750,85,1,0
BRDA:753,86,0,0
BRDA:753,86,1,0
BRDA:761,87,0,0
BRDA:761,87,1,0
BRDA:786,88,0,0
BRDA:786,88,1,0
BRDA:790,89,0,0
BRDA:790,89,1,0
BRDA:794,90,0,0
BRDA:794,90,1,0
BRDA:804,91,0,0
BRDA:804,91,1,0
BRDA:804,91,2,0
BRDA:804,91,3,0
BRDA:829,92,0,0
BRDA:829,92,1,0
BRDA:829,92,2,0
BRDA:829,92,3,0
BRF:170
BRH:0
end_of_record
TN:
SF:src\controllers\apiKey.controller.ts
FN:41,createKey
FN:77,(anonymous_1)
FN:134,getKeyDetails
FN:202,testKey
FN:260,(anonymous_4)
FN:261,(anonymous_5)
FN:286,bulkUpdateKeys
FN:400,getAuditLog
FN:458,exportKeys
FN:475,(anonymous_9)
FN:556,listKeys
FN:571,(anonymous_11)
FN:601,(anonymous_12)
FN:609,(anonymous_13)
FN:632,updateKey
FN:673,(anonymous_15)
FN:718,revokeKey
FN:786,getKeyUsage
FN:843,rotateKey
FN:896,getApiKeyLimits
FN:941,getPlanPermissions
FNF:21
FNH:0
FNDA:0,createKey
FNDA:0,(anonymous_1)
FNDA:0,getKeyDetails
FNDA:0,testKey
FNDA:0,(anonymous_4)
FNDA:0,(anonymous_5)
FNDA:0,bulkUpdateKeys
FNDA:0,getAuditLog
FNDA:0,exportKeys
FNDA:0,(anonymous_9)
FNDA:0,listKeys
FNDA:0,(anonymous_11)
FNDA:0,(anonymous_12)
FNDA:0,(anonymous_13)
FNDA:0,updateKey
FNDA:0,(anonymous_15)
FNDA:0,revokeKey
FNDA:0,getKeyUsage
FNDA:0,rotateKey
FNDA:0,getApiKeyLimits
FNDA:0,getPlanPermissions
DA:3,0
DA:7,0
DA:8,0
DA:9,0
DA:10,0
DA:34,0
DA:35,0
DA:41,0
DA:46,0
DA:47,0
DA:48,0
DA:51,0
DA:52,0
DA:54,0
DA:55,0
DA:62,0
DA:73,0
DA:76,0
DA:77,0
DA:79,0
DA:80,0
DA:86,0
DA:90,0
DA:93,0
DA:105,0
DA:108,0
DA:111,0
DA:125,0
DA:126,0
DA:134,0
DA:139,0
DA:140,0
DA:141,0
DA:143,0
DA:144,0
DA:148,0
DA:152,0
DA:153,0
DA:154,0
DA:158,0
DA:162,0
DA:165,0
DA:191,0
DA:193,0
DA:194,0
DA:202,0
DA:207,0
DA:208,0
DA:209,0
DA:211,0
DA:212,0
DA:216,0
DA:220,0
DA:221,0
DA:222,0
DA:226,0
DA:230,0
DA:260,0
DA:261,0
DA:263,0
DA:265,0
DA:277,0
DA:278,0
DA:286,0
DA:291,0
DA:292,0
DA:293,0
DA:295,0
DA:296,0
DA:300,0
DA:310,0
DA:320,0
DA:321,0
DA:323,0
DA:326,0
DA:328,0
DA:332,0
DA:335,0
DA:339,0
DA:342,0
DA:346,0
DA:349,0
DA:352,0
DA:353,0
DA:364,0
DA:365,0
DA:369,0
DA:378,0
DA:380,0
DA:391,0
DA:392,0
DA:400,0
DA:405,0
DA:406,0
DA:414,0
DA:417,0
DA:419,0
DA:420,0
DA:421,0
DA:422,0
DA:423,0
DA:424,0
DA:428,0
DA:433,0
DA:449,0
DA:450,0
DA:458,0
DA:463,0
DA:464,0
DA:470,0
DA:473,0
DA:475,0
DA:483,0
DA:492,0
DA:493,0
DA:494,0
DA:495,0
DA:497,0
DA:512,0
DA:513,0
DA:514,0
DA:518,0
DA:519,0
DA:523,0
DA:526,0
DA:528,0
DA:533,0
DA:534,0
DA:535,0
DA:536,0
DA:537,0
DA:539,0
DA:540,0
DA:541,0
DA:545,0
DA:547,0
DA:548,0
DA:556,0
DA:561,0
DA:562,0
DA:563,0
DA:566,0
DA:567,0
DA:570,0
DA:573,0
DA:577,0
DA:579,0
DA:581,0
DA:601,0
DA:602,0
DA:605,0
DA:609,0
DA:623,0
DA:624,0
DA:632,0
DA:637,0
DA:638,0
DA:639,0
DA:640,0
DA:642,0
DA:643,0
DA:647,0
DA:651,0
DA:652,0
DA:653,0
DA:657,0
DA:668,0
DA:671,0
DA:672,0
DA:673,0
DA:675,0
DA:676,0
DA:682,0
DA:687,0
DA:699,0
DA:702,0
DA:704,0
DA:709,0
DA:710,0
DA:718,0
DA:723,0
DA:724,0
DA:725,0
DA:727,0
DA:728,0
DA:732,0
DA:736,0
DA:737,0
DA:738,0
DA:742,0
DA:746,0
DA:749,0
DA:755,0
DA:758,0
DA:760,0
DA:777,0
DA:778,0
DA:786,0
DA:791,0
DA:792,0
DA:793,0
DA:794,0
DA:796,0
DA:797,0
DA:801,0
DA:805,0
DA:806,0
DA:807,0
DA:811,0
DA:815,0
DA:823,0
DA:834,0
DA:835,0
DA:843,0
DA:848,0
DA:849,0
DA:850,0
DA:852,0
DA:853,0
DA:857,0
DA:861,0
DA:862,0
DA:863,0
DA:867,0
DA:871,0
DA:877,0
DA:880,0
DA:882,0
DA:890,0
DA:891,0
DA:897,0
DA:899,0
DA:907,0
DA:915,0
DA:923,0
DA:931,0
DA:942,0
DA:944,0
DA:946,0
DA:948,0
DA:950,0
DA:952,0
DA:954,0
LF:243
LH:0
BRDA:48,0,0,0
BRDA:48,0,1,0
BRDA:54,1,0,0
BRDA:54,1,1,0
BRDA:67,2,0,0
BRDA:68,3,0,0
BRDA:73,4,0,0
BRDA:73,4,1,0
BRDA:79,5,0,0
BRDA:79,5,1,0
BRDA:90,6,0,0
BRDA:90,6,1,0
BRDA:143,7,0,0
BRDA:143,7,1,0
BRDA:153,8,0,0
BRDA:153,8,1,0
BRDA:180,9,0,0
BRDA:180,9,1,0
BRDA:183,10,0,0
BRDA:183,10,1,0
BRDA:184,11,0,0
BRDA:184,11,1,0
BRDA:186,12,0,0
BRDA:186,12,1,0
BRDA:211,13,0,0
BRDA:211,13,1,0
BRDA:221,14,0,0
BRDA:221,14,1,0
BRDA:239,15,0,0
BRDA:239,15,1,0
BRDA:240,16,0,0
BRDA:240,16,1,0
BRDA:243,17,0,0
BRDA:243,17,1,0
BRDA:243,18,0,0
BRDA:243,18,1,0
BRDA:244,19,0,0
BRDA:244,19,1,0
BRDA:245,20,0,0
BRDA:245,20,1,0
BRDA:248,21,0,0
BRDA:248,21,1,0
BRDA:249,22,0,0
BRDA:249,22,1,0
BRDA:252,23,0,0
BRDA:252,23,1,0
BRDA:252,24,0,0
BRDA:252,24,1,0
BRDA:253,25,0,0
BRDA:253,25,1,0
BRDA:253,26,0,0
BRDA:253,26,1,0
BRDA:263,27,0,0
BRDA:263,27,1,0
BRDA:263,28,0,0
BRDA:263,28,1,0
BRDA:269,29,0,0
BRDA:269,29,1,0
BRDA:271,30,0,0
BRDA:271,30,1,0
BRDA:293,31,0,0
BRDA:293,31,1,0
BRDA:295,32,0,0
BRDA:295,32,1,0
BRDA:295,33,0,0
BRDA:295,33,1,0
BRDA:295,33,2,0
BRDA:295,33,3,0
BRDA:326,34,0,0
BRDA:326,34,1,0
BRDA:326,34,2,0
BRDA:326,34,3,0
BRDA:330,35,0,0
BRDA:330,35,1,0
BRDA:367,36,0,0
BRDA:367,36,1,0
BRDA:372,37,0,0
BRDA:372,37,1,0
BRDA:386,38,0,0
BRDA:386,38,1,0
BRDA:412,39,0,0
BRDA:413,40,0,0
BRDA:419,41,0,0
BRDA:419,41,1,0
BRDA:420,42,0,0
BRDA:420,42,1,0
BRDA:421,43,0,0
BRDA:421,43,1,0
BRDA:421,44,0,0
BRDA:421,44,1,0
BRDA:423,45,0,0
BRDA:423,45,1,0
BRDA:424,46,0,0
BRDA:424,46,1,0
BRDA:442,47,0,0
BRDA:442,47,1,0
BRDA:443,48,0,0
BRDA:443,48,1,0
BRDA:444,49,0,0
BRDA:444,49,1,0
BRDA:445,50,0,0
BRDA:445,50,1,0
BRDA:466,51,0,0
BRDA:467,52,0,0
BRDA:468,53,0,0
BRDA:470,54,0,0
BRDA:470,54,1,0
BRDA:473,55,0,0
BRDA:473,55,1,0
BRDA:473,56,0,0
BRDA:473,56,1,0
BRDA:495,57,0,0
BRDA:495,57,1,0
BRDA:512,58,0,0
BRDA:512,58,1,0
BRDA:518,59,0,0
BRDA:518,59,1,0
BRDA:533,60,0,0
BRDA:533,60,1,0
BRDA:563,61,0,0
BRDA:563,61,1,0
BRDA:573,62,0,0
BRDA:573,62,1,0
BRDA:577,63,0,0
BRDA:577,63,1,0
BRDA:577,64,0,0
BRDA:577,64,1,0
BRDA:588,65,0,0
BRDA:588,65,1,0
BRDA:591,66,0,0
BRDA:591,66,1,0
BRDA:591,66,2,0
BRDA:592,67,0,0
BRDA:592,67,1,0
BRDA:594,68,0,0
BRDA:594,68,1,0
BRDA:602,69,0,0
BRDA:602,69,1,0
BRDA:640,70,0,0
BRDA:640,70,1,0
BRDA:642,71,0,0
BRDA:642,71,1,0
BRDA:652,72,0,0
BRDA:652,72,1,0
BRDA:668,73,0,0
BRDA:668,73,1,0
BRDA:671,74,0,0
BRDA:671,74,1,0
BRDA:675,75,0,0
BRDA:675,75,1,0
BRDA:727,76,0,0
BRDA:727,76,1,0
BRDA:737,77,0,0
BRDA:737,77,1,0
BRDA:771,78,0,0
BRDA:771,78,1,0
BRDA:794,79,0,0
BRDA:794,80,0,0
BRDA:796,81,0,0
BRDA:796,81,1,0
BRDA:806,82,0,0
BRDA:806,82,1,0
BRDA:852,83,0,0
BRDA:852,83,1,0
BRDA:862,84,0,0
BRDA:862,84,1,0
BRDA:897,85,0,0
BRDA:897,85,1,0
BRDA:897,85,2,0
BRDA:897,85,3,0
BRDA:897,85,4,0
BRDA:944,86,0,0
BRDA:944,86,1,0
BRDA:944,86,2,0
BRDA:944,86,3,0
BRDA:944,86,4,0
BRF:176
BRH:0
end_of_record
TN:
SF:src\controllers\auth.controller.ts
FN:90,registerBusinessHandler
FN:147,verifyBusinessHandler
FN:199,loginBusinessHandler
FN:272,registerUserHandler
FN:326,verifyUserHandler
FN:377,changePasswordHandler
FN:425,resendVerificationHandler
FN:474,checkEmailAvailabilityHandler
FN:508,validatePasswordStrengthHandler
FN:544,getActiveSessionsHandler
FN:557,(anonymous_10)
FN:571,(anonymous_11)
FN:583,revokeSessionHandler
FN:620,revokeAllSessionsHandler
FN:672,getLoginHistoryHandler
FN:707,getSecurityEventsHandler
FN:741,updateSecurityPreferencesHandler
FN:770,loginUserHandler
FN:851,forgotPasswordHandler
FN:896,resetPasswordHandler
FN:939,logoutHandler
FN:972,refreshTokenHandler
FN:1007,getCurrentUserHandler
FN:1034,getClientIp
FN:1045,getLocationFromIp
FNF:25
FNH:0
FNDA:0,registerBusinessHandler
FNDA:0,verifyBusinessHandler
FNDA:0,loginBusinessHandler
FNDA:0,registerUserHandler
FNDA:0,verifyUserHandler
FNDA:0,changePasswordHandler
FNDA:0,resendVerificationHandler
FNDA:0,checkEmailAvailabilityHandler
FNDA:0,validatePasswordStrengthHandler
FNDA:0,getActiveSessionsHandler
FNDA:0,(anonymous_10)
FNDA:0,(anonymous_11)
FNDA:0,revokeSessionHandler
FNDA:0,revokeAllSessionsHandler
FNDA:0,getLoginHistoryHandler
FNDA:0,getSecurityEventsHandler
FNDA:0,updateSecurityPreferencesHandler
FNDA:0,loginUserHandler
FNDA:0,forgotPasswordHandler
FNDA:0,resetPasswordHandler
FNDA:0,logoutHandler
FNDA:0,refreshTokenHandler
FNDA:0,getCurrentUserHandler
FNDA:0,getClientIp
FNDA:0,getLocationFromIp
DA:3,0
DA:7,0
DA:8,0
DA:9,0
DA:10,0
DA:82,0
DA:83,0
DA:84,0
DA:90,0
DA:95,0
DA:96,0
DA:99,0
DA:107,0
DA:113,0
DA:114,0
DA:122,0
DA:124,0
DA:132,0
DA:139,0
DA:147,0
DA:152,0
DA:153,0
DA:156,0
DA:164,0
DA:170,0
DA:172,0
DA:184,0
DA:191,0
DA:199,0
DA:204,0
DA:205,0
DA:208,0
DA:217,0
DA:223,0
DA:230,0
DA:231,0
DA:239,0
DA:257,0
DA:264,0
DA:272,0
DA:277,0
DA:278,0
DA:279,0
DA:282,0
DA:290,0
DA:296,0
DA:303,0
DA:305,0
DA:311,0
DA:318,0
DA:326,0
DA:331,0
DA:332,0
DA:335,0
DA:343,0
DA:349,0
DA:351,0
DA:362,0
DA:369,0
DA:377,0
DA:382,0
DA:383,0
DA:384,0
DA:386,0
DA:387,0
DA:391,0
DA:395,0
DA:402,0
DA:409,0
DA:411,0
DA:416,0
DA:417,0
DA:425,0
DA:430,0
DA:431,0
DA:433,0
DA:434,0
DA:438,0
DA:441,0
DA:447,0
DA:448,0
DA:450,0
DA:454,0
DA:459,0
DA:465,0
DA:466,0
DA:474,0
DA:479,0
DA:480,0
DA:482,0
DA:483,0
DA:487,0
DA:490,0
DA:492,0
DA:499,0
DA:500,0
DA:508,0
DA:513,0
DA:514,0
DA:516,0
DA:517,0
DA:521,0
DA:524,0
DA:526,0
DA:535,0
DA:536,0
DA:544,0
DA:549,0
DA:550,0
DA:553,0
DA:556,0
DA:557,0
DA:568,0
DA:571,0
DA:574,0
DA:575,0
DA:583,0
DA:588,0
DA:589,0
DA:590,0
DA:592,0
DA:593,0
DA:597,0
DA:600,0
DA:603,0
DA:605,0
DA:611,0
DA:612,0
DA:620,0
DA:625,0
DA:626,0
DA:627,0
DA:628,0
DA:630,0
DA:631,0
DA:635,0
DA:639,0
DA:640,0
DA:641,0
DA:645,0
DA:648,0
DA:651,0
DA:656,0
DA:663,0
DA:664,0
DA:672,0
DA:677,0
DA:678,0
DA:679,0
DA:681,0
DA:688,0
DA:698,0
DA:699,0
DA:707,0
DA:712,0
DA:713,0
DA:714,0
DA:716,0
DA:722,0
DA:732,0
DA:733,0
DA:741,0
DA:746,0
DA:747,0
DA:748,0
DA:750,0
DA:753,0
DA:755,0
DA:761,0
DA:762,0
DA:770,0
DA:775,0
DA:776,0
DA:779,0
DA:780,0
DA:784,0
DA:788,0
DA:789,0
DA:790,0
DA:791,0
DA:794,0
DA:803,0
DA:811,0
DA:814,0
DA:815,0
DA:823,0
DA:837,0
DA:844,0
DA:851,0
DA:856,0
DA:857,0
DA:859,0
DA:866,0
DA:872,0
DA:878,0
DA:885,0
DA:896,0
DA:901,0
DA:902,0
DA:904,0
DA:911,0
DA:917,0
DA:919,0
DA:924,0
DA:931,0
DA:939,0
DA:944,0
DA:945,0
DA:946,0
DA:948,0
DA:950,0
DA:954,0
DA:957,0
DA:959,0
DA:963,0
DA:964,0
DA:972,0
DA:977,0
DA:978,0
DA:979,0
DA:981,0
DA:982,0
DA:986,0
DA:990,0
DA:992,0
DA:998,0
DA:999,0
DA:1007,0
DA:1012,0
DA:1013,0
DA:1016,0
DA:1018,0
DA:1028,0
DA:1029,0
DA:1035,0
DA:1046,0
DA:1049,0
DA:1054,0
LF:238
LH:0
BRDA:96,0,0,0
BRDA:96,0,1,0
BRDA:101,1,0,0
BRDA:101,1,1,0
BRDA:113,2,0,0
BRDA:113,2,1,0
BRDA:133,3,0,0
BRDA:133,3,1,0
BRDA:153,4,0,0
BRDA:153,4,1,0
BRDA:158,5,0,0
BRDA:158,5,1,0
BRDA:187,6,0,0
BRDA:187,6,1,0
BRDA:205,7,0,0
BRDA:205,7,1,0
BRDA:210,8,0,0
BRDA:210,8,1,0
BRDA:224,9,0,0
BRDA:224,9,1,0
BRDA:230,10,0,0
BRDA:230,10,1,0
BRDA:247,11,0,0
BRDA:247,11,1,0
BRDA:251,12,0,0
BRDA:251,12,1,0
BRDA:260,13,0,0
BRDA:260,13,1,0
BRDA:278,14,0,0
BRDA:278,14,1,0
BRDA:284,15,0,0
BRDA:284,15,1,0
BRDA:298,16,0,0
BRDA:298,16,1,0
BRDA:312,17,0,0
BRDA:312,17,1,0
BRDA:332,18,0,0
BRDA:332,18,1,0
BRDA:337,19,0,0
BRDA:337,19,1,0
BRDA:365,20,0,0
BRDA:365,20,1,0
BRDA:384,21,0,0
BRDA:384,21,1,0
BRDA:386,22,0,0
BRDA:386,22,1,0
BRDA:386,23,0,0
BRDA:386,23,1,0
BRDA:397,24,0,0
BRDA:397,24,1,0
BRDA:431,25,0,0
BRDA:431,25,1,0
BRDA:433,26,0,0
BRDA:433,26,1,0
BRDA:433,27,0,0
BRDA:433,27,1,0
BRDA:443,28,0,0
BRDA:443,28,1,0
BRDA:447,29,0,0
BRDA:447,29,1,0
BRDA:447,30,0,0
BRDA:447,30,1,0
BRDA:455,31,0,0
BRDA:455,31,1,0
BRDA:456,32,0,0
BRDA:456,32,1,0
BRDA:480,33,0,0
BRDA:480,33,1,0
BRDA:482,34,0,0
BRDA:482,34,1,0
BRDA:496,35,0,0
BRDA:496,35,1,0
BRDA:514,36,0,0
BRDA:514,36,1,0
BRDA:516,37,0,0
BRDA:516,37,1,0
BRDA:592,38,0,0
BRDA:592,38,1,0
BRDA:627,39,0,0
BRDA:627,39,1,0
BRDA:630,40,0,0
BRDA:630,40,1,0
BRDA:640,41,0,0
BRDA:640,41,1,0
BRDA:653,42,0,0
BRDA:653,42,1,0
BRDA:659,43,0,0
BRDA:659,43,1,0
BRDA:679,44,0,0
BRDA:679,45,0,0
BRDA:684,46,0,0
BRDA:684,46,1,0
BRDA:685,47,0,0
BRDA:685,47,1,0
BRDA:714,48,0,0
BRDA:714,49,0,0
BRDA:748,50,0,0
BRDA:748,50,1,0
BRDA:776,51,0,0
BRDA:776,51,1,0
BRDA:779,52,0,0
BRDA:779,52,1,0
BRDA:779,53,0,0
BRDA:779,53,1,0
BRDA:779,53,2,0
BRDA:796,54,0,0
BRDA:796,54,1,0
BRDA:814,55,0,0
BRDA:814,55,1,0
BRDA:814,56,0,0
BRDA:814,56,1,0
BRDA:840,57,0,0
BRDA:840,57,1,0
BRDA:857,58,0,0
BRDA:857,58,1,0
BRDA:861,59,0,0
BRDA:861,59,1,0
BRDA:879,60,0,0
BRDA:879,60,1,0
BRDA:902,61,0,0
BRDA:902,61,1,0
BRDA:906,62,0,0
BRDA:906,62,1,0
BRDA:927,63,0,0
BRDA:927,63,1,0
BRDA:948,64,0,0
BRDA:948,64,1,0
BRDA:948,65,0,0
BRDA:948,65,1,0
BRDA:981,66,0,0
BRDA:981,66,1,0
BRDA:1020,67,0,0
BRDA:1020,67,1,0
BRDA:1036,68,0,0
BRDA:1036,68,1,0
BRDA:1036,68,2,0
BRDA:1036,68,3,0
BRDA:1036,68,4,0
BRDA:1036,68,5,0
BRF:139
BRH:0
end_of_record
TN:
SF:src\controllers\billing.controller.ts
FN:55,isPlanKey
FN:63,createCheckoutSession
FN:82,(anonymous_3)
FN:150,changePlan
FN:244,getPlan
FN:259,(anonymous_6)
FN:306,getUsageStats
FN:342,updatePaymentMethod
FN:381,cancelSubscription
FN:421,handleStripeWebhook
FN:488,handlePaymentSucceeded
FN:534,handlePaymentFailed
FN:544,handleSubscriptionUpdated
FN:548,handleSubscriptionDeleted
FN:552,handleSubscriptionCreated
FN:557,getPlanLevel
FN:562,formatPlanName
FN:566,getPlanLimits
FN:575,getPlanApiKeyLimit
FN:580,getPlanStorageLimit
FN:585,calculateUtilization
FN:594,calculateOverage
FN:602,getPlanFeatures
FN:612,getAvailableDiscounts
FN:636,generatePlanRecommendations
FN:655,generateUsageRecommendations
FN:669,calculatePricingSummary
FN:676,(anonymous_28)
FN:698,getAddonPrice
FN:708,calculateCouponDiscount
FNF:30
FNH:0
FNDA:0,isPlanKey
FNDA:0,createCheckoutSession
FNDA:0,(anonymous_3)
FNDA:0,changePlan
FNDA:0,getPlan
FNDA:0,(anonymous_6)
FNDA:0,getUsageStats
FNDA:0,updatePaymentMethod
FNDA:0,cancelSubscription
FNDA:0,handleStripeWebhook
FNDA:0,handlePaymentSucceeded
FNDA:0,handlePaymentFailed
FNDA:0,handleSubscriptionUpdated
FNDA:0,handleSubscriptionDeleted
FNDA:0,handleSubscriptionCreated
FNDA:0,getPlanLevel
FNDA:0,formatPlanName
FNDA:0,getPlanLimits
FNDA:0,getPlanApiKeyLimit
FNDA:0,getPlanStorageLimit
FNDA:0,calculateUtilization
FNDA:0,calculateOverage
FNDA:0,getPlanFeatures
FNDA:0,getAvailableDiscounts
FNDA:0,generatePlanRecommendations
FNDA:0,generateUsageRecommendations
FNDA:0,calculatePricingSummary
FNDA:0,(anonymous_28)
FNDA:0,getAddonPrice
FNDA:0,calculateCouponDiscount
DA:3,0
DA:4,0
DA:8,0
DA:9,0
DA:10,0
DA:11,0
DA:12,0
DA:13,0
DA:14,0
DA:15,0
DA:44,0
DA:45,0
DA:46,0
DA:47,0
DA:49,0
DA:52,0
DA:56,0
DA:63,0
DA:68,0
DA:69,0
DA:70,0
DA:72,0
DA:73,0
DA:78,0
DA:82,0
DA:83,0
DA:84,0
DA:87,0
DA:88,0
DA:89,0
DA:95,0
DA:111,0
DA:114,0
DA:117,0
DA:119,0
DA:141,0
DA:142,0
DA:150,0
DA:155,0
DA:156,0
DA:157,0
DA:159,0
DA:160,0
DA:164,0
DA:168,0
DA:169,0
DA:172,0
DA:173,0
DA:178,0
DA:182,0
DA:183,0
DA:185,0
DA:186,0
DA:187,0
DA:193,0
DA:198,0
DA:205,0
DA:208,0
DA:211,0
DA:219,0
DA:221,0
DA:235,0
DA:236,0
DA:244,0
DA:249,0
DA:250,0
DA:253,0
DA:256,0
DA:259,0
DA:269,0
DA:271,0
DA:297,0
DA:298,0
DA:306,0
DA:311,0
DA:312,0
DA:313,0
DA:316,0
DA:317,0
DA:318,0
DA:321,0
DA:323,0
DA:333,0
DA:334,0
DA:342,0
DA:347,0
DA:348,0
DA:349,0
DA:351,0
DA:352,0
DA:356,0
DA:361,0
DA:364,0
DA:366,0
DA:372,0
DA:373,0
DA:381,0
DA:386,0
DA:387,0
DA:388,0
DA:391,0
DA:399,0
DA:402,0
DA:404,0
DA:412,0
DA:413,0
DA:421,0
DA:426,0
DA:429,0
DA:431,0
DA:433,0
DA:434,0
DA:438,0
DA:441,0
DA:443,0
DA:445,0
DA:446,0
DA:449,0
DA:450,0
DA:453,0
DA:454,0
DA:457,0
DA:458,0
DA:461,0
DA:462,0
DA:465,0
DA:469,0
DA:471,0
DA:478,0
DA:479,0
DA:489,0
DA:490,0
DA:491,0
DA:493,0
DA:494,0
DA:495,0
DA:499,0
DA:512,0
DA:514,0
DA:517,0
DA:521,0
DA:522,0
DA:524,0
DA:527,0
DA:529,0
DA:530,0
DA:535,0
DA:538,0
DA:541,0
DA:545,0
DA:549,0
DA:553,0
DA:558,0
DA:559,0
DA:563,0
DA:567,0
DA:576,0
DA:577,0
DA:581,0
DA:582,0
DA:586,0
DA:587,0
DA:595,0
DA:603,0
DA:609,0
DA:613,0
DA:616,0
DA:617,0
DA:618,0
DA:619,0
DA:628,0
DA:629,0
DA:630,0
DA:633,0
DA:637,0
DA:638,0
DA:640,0
DA:641,0
DA:644,0
DA:645,0
DA:648,0
DA:649,0
DA:652,0
DA:656,0
DA:658,0
DA:659,0
DA:662,0
DA:663,0
DA:666,0
DA:670,0
DA:673,0
DA:676,0
DA:677,0
DA:680,0
DA:683,0
DA:684,0
DA:685,0
DA:688,0
DA:699,0
DA:705,0
DA:709,0
DA:710,0
DA:711,0
DA:712,0
DA:714,0
DA:715,0
DA:718,0
DA:720,0
LF:208
LH:0
BRDA:56,0,0,0
BRDA:56,0,1,0
BRDA:70,1,0,0
BRDA:70,2,0,0
BRDA:70,2,1,0
BRDA:72,3,0,0
BRDA:72,3,1,0
BRDA:83,4,0,0
BRDA:83,4,1,0
BRDA:84,5,0,0
BRDA:84,5,1,0
BRDA:88,6,0,0
BRDA:88,6,1,0
BRDA:98,7,0,0
BRDA:98,7,1,0
BRDA:114,8,0,0
BRDA:114,8,1,0
BRDA:131,9,0,0
BRDA:131,9,1,0
BRDA:132,10,0,0
BRDA:132,10,1,0
BRDA:157,11,0,0
BRDA:157,11,1,0
BRDA:159,12,0,0
BRDA:159,12,1,0
BRDA:172,13,0,0
BRDA:172,13,1,0
BRDA:183,14,0,0
BRDA:183,14,1,0
BRDA:186,15,0,0
BRDA:186,15,1,0
BRDA:199,16,0,0
BRDA:199,16,1,0
BRDA:208,17,0,0
BRDA:208,17,1,0
BRDA:215,18,0,0
BRDA:215,18,1,0
BRDA:227,19,0,0
BRDA:227,19,1,0
BRDA:232,20,0,0
BRDA:232,20,1,0
BRDA:275,21,0,0
BRDA:275,21,1,0
BRDA:313,22,0,0
BRDA:317,23,0,0
BRDA:317,23,1,0
BRDA:349,24,0,0
BRDA:349,24,1,0
BRDA:351,25,0,0
BRDA:351,25,1,0
BRDA:388,26,0,0
BRDA:388,27,0,0
BRDA:388,27,1,0
BRDA:407,28,0,0
BRDA:407,28,1,0
BRDA:443,29,0,0
BRDA:443,29,1,0
BRDA:443,29,2,0
BRDA:443,29,3,0
BRDA:443,29,4,0
BRDA:443,29,5,0
BRDA:493,30,0,0
BRDA:493,30,1,0
BRDA:512,31,0,0
BRDA:512,31,1,0
BRDA:522,32,0,0
BRDA:522,32,1,0
BRDA:522,33,0,0
BRDA:522,33,1,0
BRDA:559,34,0,0
BRDA:559,34,1,0
BRDA:577,35,0,0
BRDA:577,35,1,0
BRDA:582,36,0,0
BRDA:582,36,1,0
BRDA:588,37,0,0
BRDA:588,37,1,0
BRDA:589,38,0,0
BRDA:589,38,1,0
BRDA:609,39,0,0
BRDA:609,39,1,0
BRDA:616,40,0,0
BRDA:616,40,1,0
BRDA:618,41,0,0
BRDA:618,41,1,0
BRDA:629,42,0,0
BRDA:629,42,1,0
BRDA:640,43,0,0
BRDA:640,43,1,0
BRDA:644,44,0,0
BRDA:644,44,1,0
BRDA:648,45,0,0
BRDA:648,45,1,0
BRDA:648,46,0,0
BRDA:648,46,1,0
BRDA:658,47,0,0
BRDA:658,47,1,0
BRDA:662,48,0,0
BRDA:662,48,1,0
BRDA:669,49,0,0
BRDA:673,50,0,0
BRDA:673,50,1,0
BRDA:684,51,0,0
BRDA:684,51,1,0
BRDA:689,52,0,0
BRDA:689,52,1,0
BRDA:705,53,0,0
BRDA:705,53,1,0
BRDA:711,54,0,0
BRDA:711,54,1,0
BRDA:714,55,0,0
BRDA:714,55,1,0
BRF:112
BRH:0
end_of_record
TN:
SF:src\controllers\brandAccount.controller.ts
FN:69,getBrandProfile
FN:116,uploadProfilePicture
FN:194,updateBrandProfile
FN:240,(anonymous_3)
FN:285,submitVerification
FN:308,(anonymous_5)
FN:329,(anonymous_6)
FN:369,getVerificationStatus
FN:399,deactivateAccount
FN:419,(anonymous_9)
FN:471,getAccountAnalytics
FN:521,exportAccountData
FN:570,buildProfileMetadata
FN:608,calculateProfileCompleteness
FN:617,(anonymous_14)
FN:621,(anonymous_15)
FN:637,calculateAccountAge
FN:647,validatePlanPermissions
FN:653,(anonymous_18)
FN:659,(anonymous_19)
FN:665,handleWalletAddressChange
FN:687,getChangedFields
FN:688,(anonymous_22)
FN:700,handleSignificantProfileChanges
FN:702,(anonymous_24)
FN:711,getSignificantChanges
FN:713,(anonymous_26)
FN:718,generateProfileRecommendations
FN:741,generateImprovementRecommendations
FN:750,getPlanFeatures
FN:760,getPlanLimitations
FN:770,getRequiredVerificationDocs
FN:780,getVerificationBenefits
FN:790,getVerificationRequirements
FN:802,generateAccountInsights
FN:820,generateAnalyticsRecommendations
FN:834,getContentType
FNF:37
FNH:0
FNDA:0,getBrandProfile
FNDA:0,uploadProfilePicture
FNDA:0,updateBrandProfile
FNDA:0,(anonymous_3)
FNDA:0,submitVerification
FNDA:0,(anonymous_5)
FNDA:0,(anonymous_6)
FNDA:0,getVerificationStatus
FNDA:0,deactivateAccount
FNDA:0,(anonymous_9)
FNDA:0,getAccountAnalytics
FNDA:0,exportAccountData
FNDA:0,buildProfileMetadata
FNDA:0,calculateProfileCompleteness
FNDA:0,(anonymous_14)
FNDA:0,(anonymous_15)
FNDA:0,calculateAccountAge
FNDA:0,validatePlanPermissions
FNDA:0,(anonymous_18)
FNDA:0,(anonymous_19)
FNDA:0,handleWalletAddressChange
FNDA:0,getChangedFields
FNDA:0,(anonymous_22)
FNDA:0,handleSignificantProfileChanges
FNDA:0,(anonymous_24)
FNDA:0,getSignificantChanges
FNDA:0,(anonymous_26)
FNDA:0,generateProfileRecommendations
FNDA:0,generateImprovementRecommendations
FNDA:0,getPlanFeatures
FNDA:0,getPlanLimitations
FNDA:0,getRequiredVerificationDocs
FNDA:0,getVerificationBenefits
FNDA:0,getVerificationRequirements
FNDA:0,generateAccountInsights
FNDA:0,generateAnalyticsRecommendations
FNDA:0,getContentType
DA:3,0
DA:7,0
DA:8,0
DA:9,0
DA:10,0
DA:11,0
DA:12,0
DA:60,0
DA:61,0
DA:62,0
DA:63,0
DA:69,0
DA:74,0
DA:75,0
DA:76,0
DA:79,0
DA:82,0
DA:85,0
DA:87,0
DA:103,0
DA:104,0
DA:116,0
DA:121,0
DA:122,0
DA:123,0
DA:124,0
DA:128,0
DA:132,0
DA:133,0
DA:137,0
DA:141,0
DA:142,0
DA:143,0
DA:147,0
DA:150,0
DA:151,0
DA:152,0
DA:156,0
DA:160,0
DA:163,0
DA:165,0
DA:185,0
DA:186,0
DA:194,0
DA:199,0
DA:200,0
DA:201,0
DA:202,0
DA:205,0
DA:206,0
DA:207,0
DA:214,0
DA:218,0
DA:221,0
DA:222,0
DA:226,0
DA:239,0
DA:240,0
DA:241,0
DA:244,0
DA:245,0
DA:249,0
DA:252,0
DA:255,0
DA:256,0
DA:258,0
DA:276,0
DA:277,0
DA:285,0
DA:290,0
DA:291,0
DA:292,0
DA:293,0
DA:296,0
DA:297,0
DA:298,0
DA:303,0
DA:307,0
DA:308,0
DA:310,0
DA:311,0
DA:317,0
DA:321,0
DA:330,0
DA:336,0
DA:339,0
DA:342,0
DA:344,0
DA:360,0
DA:361,0
DA:369,0
DA:374,0
DA:375,0
DA:378,0
DA:381,0
DA:383,0
DA:390,0
DA:391,0
DA:399,0
DA:404,0
DA:405,0
DA:406,0
DA:409,0
DA:410,0
DA:411,0
DA:415,0
DA:419,0
DA:420,0
DA:421,0
DA:426,0
DA:430,0
DA:439,0
DA:442,0
DA:445,0
DA:447,0
DA:462,0
DA:463,0
DA:471,0
DA:476,0
DA:477,0
DA:478,0
DA:479,0
DA:482,0
DA:483,0
DA:488,0
DA:492,0
DA:500,0
DA:502,0
DA:512,0
DA:513,0
DA:521,0
DA:526,0
DA:527,0
DA:528,0
DA:529,0
DA:532,0
DA:533,0
DA:537,0
DA:541,0
DA:549,0
DA:552,0
DA:553,0
DA:555,0
DA:556,0
DA:558,0
DA:559,0
DA:561,0
DA:564,0
DA:565,0
DA:571,0
DA:581,0
DA:582,0
DA:584,0
DA:586,0
DA:588,0
DA:596,0
DA:597,0
DA:598,0
DA:600,0
DA:601,0
DA:605,0
DA:609,0
DA:612,0
DA:617,0
DA:618,0
DA:621,0
DA:622,0
DA:623,0
DA:631,0
DA:632,0
DA:634,0
DA:638,0
DA:639,0
DA:640,0
DA:642,0
DA:643,0
DA:644,0
DA:648,0
DA:651,0
DA:652,0
DA:653,0
DA:657,0
DA:658,0
DA:659,0
DA:662,0
DA:666,0
DA:668,0
DA:670,0
DA:671,0
DA:672,0
DA:677,0
DA:678,0
DA:681,0
DA:682,0
DA:688,0
DA:689,0
DA:690,0
DA:692,0
DA:693,0
DA:696,0
DA:701,0
DA:702,0
DA:703,0
DA:706,0
DA:707,0
DA:712,0
DA:713,0
DA:714,0
DA:719,0
DA:720,0
DA:722,0
DA:723,0
DA:726,0
DA:727,0
DA:730,0
DA:731,0
DA:734,0
DA:735,0
DA:738,0
DA:742,0
DA:751,0
DA:757,0
DA:761,0
DA:767,0
DA:771,0
DA:773,0
DA:774,0
DA:777,0
DA:781,0
DA:791,0
DA:803,0
DA:805,0
DA:806,0
DA:809,0
DA:810,0
DA:813,0
DA:814,0
DA:817,0
DA:821,0
DA:823,0
DA:824,0
DA:827,0
DA:828,0
DA:831,0
DA:835,0
DA:836,0
DA:837,0
DA:838,0
DA:839,0
LF:249
LH:0
BRDA:76,0,0,0
BRDA:76,0,1,0
BRDA:123,1,0,0
BRDA:123,1,1,0
BRDA:132,2,0,0
BRDA:132,2,1,0
BRDA:142,3,0,0
BRDA:142,3,1,0
BRDA:151,4,0,0
BRDA:151,4,1,0
BRDA:174,5,0,0
BRDA:174,5,1,0
BRDA:201,6,0,0
BRDA:201,6,1,0
BRDA:202,7,0,0
BRDA:202,7,1,0
BRDA:206,8,0,0
BRDA:206,8,1,0
BRDA:221,9,0,0
BRDA:221,9,1,0
BRDA:221,10,0,0
BRDA:221,10,1,0
BRDA:244,11,0,0
BRDA:244,11,1,0
BRDA:271,12,0,0
BRDA:271,12,1,0
BRDA:292,13,0,0
BRDA:292,13,1,0
BRDA:293,14,0,0
BRDA:293,14,1,0
BRDA:297,15,0,0
BRDA:297,15,1,0
BRDA:310,16,0,0
BRDA:310,16,1,0
BRDA:387,17,0,0
BRDA:387,17,1,0
BRDA:406,18,0,0
BRDA:406,19,0,0
BRDA:406,19,1,0
BRDA:410,20,0,0
BRDA:410,20,1,0
BRDA:420,21,0,0
BRDA:420,21,1,0
BRDA:420,22,0,0
BRDA:420,22,1,0
BRDA:453,23,0,0
BRDA:453,23,1,0
BRDA:478,24,0,0
BRDA:478,24,1,0
BRDA:479,25,0,0
BRDA:482,26,0,0
BRDA:482,26,1,0
BRDA:528,27,0,0
BRDA:528,28,0,0
BRDA:528,29,0,0
BRDA:528,29,1,0
BRDA:529,30,0,0
BRDA:529,30,1,0
BRDA:532,31,0,0
BRDA:532,31,1,0
BRDA:532,32,0,0
BRDA:532,32,1,0
BRDA:543,33,0,0
BRDA:543,33,1,0
BRDA:558,34,0,0
BRDA:558,34,1,0
BRDA:581,35,0,0
BRDA:581,35,1,0
BRDA:596,36,0,0
BRDA:596,36,1,0
BRDA:618,37,0,0
BRDA:618,37,1,0
BRDA:623,38,0,0
BRDA:623,38,1,0
BRDA:624,39,0,0
BRDA:624,39,1,0
BRDA:625,40,0,0
BRDA:625,40,1,0
BRDA:626,41,0,0
BRDA:626,41,1,0
BRDA:642,42,0,0
BRDA:642,42,1,0
BRDA:643,43,0,0
BRDA:643,43,1,0
BRDA:652,44,0,0
BRDA:652,44,1,0
BRDA:658,45,0,0
BRDA:658,45,1,0
BRDA:668,46,0,0
BRDA:668,46,1,0
BRDA:671,47,0,0
BRDA:671,47,1,0
BRDA:677,48,0,0
BRDA:677,48,1,0
BRDA:692,49,0,0
BRDA:692,49,1,0
BRDA:692,50,0,0
BRDA:692,50,1,0
BRDA:703,51,0,0
BRDA:703,51,1,0
BRDA:706,52,0,0
BRDA:706,52,1,0
BRDA:714,53,0,0
BRDA:714,53,1,0
BRDA:722,54,0,0
BRDA:722,54,1,0
BRDA:726,55,0,0
BRDA:726,55,1,0
BRDA:730,56,0,0
BRDA:730,56,1,0
BRDA:730,57,0,0
BRDA:730,57,1,0
BRDA:734,58,0,0
BRDA:734,58,1,0
BRDA:734,59,0,0
BRDA:734,59,1,0
BRDA:757,60,0,0
BRDA:757,60,1,0
BRDA:767,61,0,0
BRDA:767,61,1,0
BRDA:773,62,0,0
BRDA:773,62,1,0
BRDA:805,63,0,0
BRDA:805,63,1,0
BRDA:809,64,0,0
BRDA:809,64,1,0
BRDA:813,65,0,0
BRDA:813,65,1,0
BRDA:823,66,0,0
BRDA:823,66,1,0
BRDA:827,67,0,0
BRDA:827,67,1,0
BRDA:835,68,0,0
BRDA:835,68,1,0
BRDA:835,68,2,0
BRDA:835,68,3,0
BRF:136
BRH:0
end_of_record
TN:
SF:src\controllers\brandProfile.controller.ts
FN:50,listBrandProfiles
FN:63,(anonymous_1)
FN:96,getBrandProfile
FN:161,getBrandProfileForManufacturer
FN:215,getFeaturedBrands
FN:250,getSearchSuggestions
FN:291,getPublicBrandAnalytics
FN:317,reportBrand
FN:366,getBrandRecommendations
FN:406,provideBrandRecommendationFeedback
FN:441,searchBrandProfiles
FN:475,getBrandBySubdomain
FN:515,getBrandByCustomDomain
FN:552,getManufacturerNextSteps
FNF:14
FNH:0
FNDA:0,listBrandProfiles
FNDA:0,(anonymous_1)
FNDA:0,getBrandProfile
FNDA:0,getBrandProfileForManufacturer
FNDA:0,getFeaturedBrands
FNDA:0,getSearchSuggestions
FNDA:0,getPublicBrandAnalytics
FNDA:0,reportBrand
FNDA:0,getBrandRecommendations
FNDA:0,provideBrandRecommendationFeedback
FNDA:0,searchBrandProfiles
FNDA:0,getBrandBySubdomain
FNDA:0,getBrandByCustomDomain
FNDA:0,getManufacturerNextSteps
DA:3,0
DA:6,0
DA:7,0
DA:8,0
DA:44,0
DA:50,0
DA:55,0
DA:57,0
DA:60,0
DA:61,0
DA:62,0
DA:63,0
DA:64,0
DA:69,0
DA:70,0
DA:71,0
DA:72,0
DA:74,0
DA:87,0
DA:88,0
DA:96,0
DA:101,0
DA:102,0
DA:104,0
DA:105,0
DA:109,0
DA:113,0
DA:116,0
DA:119,0
DA:125,0
DA:132,0
DA:145,0
DA:146,0
DA:147,0
DA:151,0
DA:153,0
DA:161,0
DA:166,0
DA:167,0
DA:168,0
DA:171,0
DA:174,0
DA:180,0
DA:186,0
DA:188,0
DA:199,0
DA:200,0
DA:201,0
DA:205,0
DA:207,0
DA:215,0
DA:220,0
DA:221,0
DA:222,0
DA:225,0
DA:233,0
DA:241,0
DA:242,0
DA:250,0
DA:255,0
DA:256,0
DA:258,0
DA:259,0
DA:263,0
DA:267,0
DA:270,0
DA:275,0
DA:282,0
DA:283,0
DA:291,0
DA:296,0
DA:297,0
DA:300,0
DA:302,0
DA:308,0
DA:309,0
DA:317,0
DA:322,0
DA:323,0
DA:324,0
DA:326,0
DA:327,0
DA:331,0
DA:335,0
DA:347,0
DA:357,0
DA:358,0
DA:366,0
DA:371,0
DA:372,0
DA:373,0
DA:374,0
DA:377,0
DA:383,0
DA:385,0
DA:397,0
DA:398,0
DA:406,0
DA:411,0
DA:412,0
DA:413,0
DA:416,0
DA:424,0
DA:426,0
DA:432,0
DA:433,0
DA:441,0
DA:446,0
DA:447,0
DA:449,0
DA:450,0
DA:454,0
DA:458,0
DA:460,0
DA:466,0
DA:467,0
DA:475,0
DA:480,0
DA:481,0
DA:483,0
DA:484,0
DA:488,0
DA:491,0
DA:493,0
DA:494,0
DA:498,0
DA:501,0
DA:506,0
DA:507,0
DA:515,0
DA:520,0
DA:521,0
DA:523,0
DA:524,0
DA:528,0
DA:531,0
DA:533,0
DA:534,0
DA:538,0
DA:541,0
DA:546,0
DA:547,0
DA:553,0
DA:555,0
DA:561,0
DA:567,0
DA:573,0
DA:579,0
LF:148
LH:0
BRDA:61,0,0,0
BRDA:61,0,1,0
BRDA:69,1,0,0
BRDA:69,1,1,0
BRDA:70,2,0,0
BRDA:70,2,1,0
BRDA:104,3,0,0
BRDA:104,3,1,0
BRDA:146,4,0,0
BRDA:146,4,1,0
BRDA:200,5,0,0
BRDA:200,5,1,0
BRDA:221,6,0,0
BRDA:258,7,0,0
BRDA:258,7,1,0
BRDA:258,8,0,0
BRDA:258,8,1,0
BRDA:297,9,0,0
BRDA:324,10,0,0
BRDA:324,10,1,0
BRDA:326,11,0,0
BRDA:326,11,1,0
BRDA:339,12,0,0
BRDA:339,12,1,0
BRDA:350,13,0,0
BRDA:350,13,1,0
BRDA:373,14,0,0
BRDA:413,15,0,0
BRDA:413,15,1,0
BRDA:449,16,0,0
BRDA:449,16,1,0
BRDA:483,17,0,0
BRDA:483,17,1,0
BRDA:493,18,0,0
BRDA:493,18,1,0
BRDA:523,19,0,0
BRDA:523,19,1,0
BRDA:533,20,0,0
BRDA:533,20,1,0
BRDA:553,21,0,0
BRDA:553,21,1,0
BRDA:553,21,2,0
BRDA:553,21,3,0
BRDA:553,21,4,0
BRF:44
BRH:0
end_of_record
TN:
SF:src\controllers\brandSettings.controller.ts
FN:121,getBrandSettings
FN:189,updateBrandSettings
FN:241,(anonymous_11)
FN:284,updateCertificateWallet
FN:405,uploadBrandLogo
FN:449,(anonymous_14)
FN:499,uploadBrandBanner
FN:543,(anonymous_16)
FN:593,updateQuickBranding
FN:629,updateSubdomain
FN:670,validateSubdomain
FN:699,setCustomDomain
FN:762,removeCustomDomain
FN:802,verifyCustomDomain
FN:832,configureShopifyIntegration
FN:900,updateShopifyIntegration
FN:929,configureWooCommerceIntegration
FN:974,updateWooCommerceIntegration
FN:1003,configureWixIntegration
FN:1052,updateWixIntegration
FN:1085,removeIntegration
FN:1134,testIntegration
FN:1186,exportBrandSettings
FN:1237,getPublicBrandSettings
FN:1274,getPlanFeatures
FN:1284,getPlanLimitations
FN:1294,validatePlanFeatures
FN:1316,getRequiredPlans
FN:1323,(anonymous_37)
FN:1326,validateDomainChanges
FN:1342,processWalletChange
FN:1352,getChangedFields
FN:1353,(anonymous_41)
FN:1365,processIntegrationUpdates
FN:1386,handleSettingsChangeNotifications
FN:1388,(anonymous_44)
FN:1400,calculateSetupCompleteness
FN:1414,(anonymous_46)
FN:1421,generateSetupRecommendations
FN:1443,getMissingFeatures
FN:1458,getAvailableIntegrations
FN:1469,getConfiguredIntegrations
FN:1479,getTokenDiscounts
FN:1487,getWeb3Features
FN:1494,getNftCapabilities
FN:1504,getIntegrationChanges
FN:1514,getShopifyAutomationFeatures
FN:1527,getContentType
FNF:48
FNH:0
FNDA:0,getBrandSettings
FNDA:0,updateBrandSettings
FNDA:0,(anonymous_11)
FNDA:0,updateCertificateWallet
FNDA:0,uploadBrandLogo
FNDA:0,(anonymous_14)
FNDA:0,uploadBrandBanner
FNDA:0,(anonymous_16)
FNDA:0,updateQuickBranding
FNDA:0,updateSubdomain
FNDA:0,validateSubdomain
FNDA:0,setCustomDomain
FNDA:0,removeCustomDomain
FNDA:0,verifyCustomDomain
FNDA:0,configureShopifyIntegration
FNDA:0,updateShopifyIntegration
FNDA:0,configureWooCommerceIntegration
FNDA:0,updateWooCommerceIntegration
FNDA:0,configureWixIntegration
FNDA:0,updateWixIntegration
FNDA:0,removeIntegration
FNDA:0,testIntegration
FNDA:0,exportBrandSettings
FNDA:0,getPublicBrandSettings
FNDA:0,getPlanFeatures
FNDA:0,getPlanLimitations
FNDA:0,validatePlanFeatures
FNDA:0,getRequiredPlans
FNDA:0,(anonymous_37)
FNDA:0,validateDomainChanges
FNDA:0,processWalletChange
FNDA:0,getChangedFields
FNDA:0,(anonymous_41)
FNDA:0,processIntegrationUpdates
FNDA:0,handleSettingsChangeNotifications
FNDA:0,(anonymous_44)
FNDA:0,calculateSetupCompleteness
FNDA:0,(anonymous_46)
FNDA:0,generateSetupRecommendations
FNDA:0,getMissingFeatures
FNDA:0,getAvailableIntegrations
FNDA:0,getConfiguredIntegrations
FNDA:0,getTokenDiscounts
FNDA:0,getWeb3Features
FNDA:0,getNftCapabilities
FNDA:0,getIntegrationChanges
FNDA:0,getShopifyAutomationFeatures
FNDA:0,getContentType
DA:3,0
DA:7,0
DA:8,0
DA:9,0
DA:10,0
DA:11,0
DA:12,0
DA:13,0
DA:112,0
DA:113,0
DA:114,0
DA:115,0
DA:121,0
DA:126,0
DA:127,0
DA:128,0
DA:131,0
DA:134,0
DA:137,0
DA:140,0
DA:143,0
DA:145,0
DA:180,0
DA:181,0
DA:189,0
DA:194,0
DA:195,0
DA:196,0
DA:197,0
DA:200,0
DA:201,0
DA:202,0
DA:209,0
DA:213,0
DA:216,0
DA:217,0
DA:221,0
DA:222,0
DA:226,0
DA:240,0
DA:241,0
DA:243,0
DA:244,0
DA:248,0
DA:251,0
DA:254,0
DA:257,0
DA:259,0
DA:275,0
DA:276,0
DA:284,0
DA:289,0
DA:290,0
DA:291,0
DA:292,0
DA:295,0
DA:296,0
DA:301,0
DA:305,0
DA:306,0
DA:309,0
DA:316,0
DA:317,0
DA:322,0
DA:326,0
DA:327,0
DA:328,0
DA:332,0
DA:336,0
DA:352,0
DA:353,0
DA:357,0
DA:360,0
DA:363,0
DA:370,0
DA:372,0
DA:392,0
DA:393,0
DA:405,0
DA:410,0
DA:411,0
DA:412,0
DA:413,0
DA:417,0
DA:421,0
DA:422,0
DA:426,0
DA:430,0
DA:431,0
DA:432,0
DA:436,0
DA:439,0
DA:440,0
DA:441,0
DA:445,0
DA:449,0
DA:450,0
DA:452,0
DA:459,0
DA:464,0
DA:466,0
DA:486,0
DA:487,0
DA:499,0
DA:504,0
DA:505,0
DA:506,0
DA:507,0
DA:511,0
DA:515,0
DA:516,0
DA:520,0
DA:524,0
DA:525,0
DA:526,0
DA:530,0
DA:533,0
DA:534,0
DA:535,0
DA:539,0
DA:543,0
DA:544,0
DA:546,0
DA:553,0
DA:554,0
DA:556,0
DA:561,0
DA:563,0
DA:584,0
DA:585,0
DA:593,0
DA:598,0
DA:599,0
DA:600,0
DA:603,0
DA:609,0
DA:611,0
DA:620,0
DA:621,0
DA:629,0
DA:634,0
DA:635,0
DA:636,0
DA:639,0
DA:642,0
DA:645,0
DA:647,0
DA:654,0
DA:655,0
DA:656,0
DA:660,0
DA:662,0
DA:670,0
DA:675,0
DA:676,0
DA:679,0
DA:681,0
DA:690,0
DA:691,0
DA:699,0
DA:704,0
DA:705,0
DA:706,0
DA:707,0
DA:710,0
DA:711,0
DA:716,0
DA:720,0
DA:721,0
DA:722,0
DA:727,0
DA:731,0
DA:736,0
DA:739,0
DA:741,0
DA:753,0
DA:754,0
DA:762,0
DA:767,0
DA:768,0
DA:771,0
DA:774,0
DA:777,0
DA:779,0
DA:786,0
DA:787,0
DA:788,0
DA:792,0
DA:794,0
DA:802,0
DA:807,0
DA:808,0
DA:811,0
DA:813,0
DA:823,0
DA:824,0
DA:832,0
DA:837,0
DA:838,0
DA:839,0
DA:840,0
DA:843,0
DA:844,0
DA:849,0
DA:853,0
DA:854,0
DA:855,0
DA:860,0
DA:864,0
DA:872,0
DA:874,0
DA:891,0
DA:892,0
DA:900,0
DA:905,0
DA:906,0
DA:907,0
DA:910,0
DA:913,0
DA:915,0
DA:920,0
DA:921,0
DA:929,0
DA:934,0
DA:935,0
DA:936,0
DA:937,0
DA:940,0
DA:941,0
DA:946,0
DA:950,0
DA:953,0
DA:955,0
DA:965,0
DA:966,0
DA:974,0
DA:979,0
DA:980,0
DA:981,0
DA:984,0
DA:987,0
DA:989,0
DA:994,0
DA:995,0
DA:1003,0
DA:1008,0
DA:1009,0
DA:1010,0
DA:1011,0
DA:1014,0
DA:1015,0
DA:1020,0
DA:1024,0
DA:1031,0
DA:1033,0
DA:1043,0
DA:1044,0
DA:1052,0
DA:1057,0
DA:1058,0
DA:1059,0
DA:1062,0
DA:1069,0
DA:1071,0
DA:1076,0
DA:1077,0
DA:1085,0
DA:1090,0
DA:1091,0
DA:1092,0
DA:1094,0
DA:1095,0
DA:1100,0
DA:1104,0
DA:1111,0
DA:1113,0
DA:1125,0
DA:1126,0
DA:1134,0
DA:1139,0
DA:1140,0
DA:1141,0
DA:1143,0
DA:1144,0
DA:1149,0
DA:1153,0
DA:1155,0
DA:1157,0
DA:1158,0
DA:1165,0
DA:1167,0
DA:1177,0
DA:1178,0
DA:1186,0
DA:1191,0
DA:1192,0
DA:1193,0
DA:1196,0
DA:1197,0
DA:1202,0
DA:1206,0
DA:1213,0
DA:1216,0
DA:1217,0
DA:1219,0
DA:1220,0
DA:1222,0
DA:1223,0
DA:1225,0
DA:1228,0
DA:1229,0
DA:1237,0
DA:1242,0
DA:1243,0
DA:1245,0
DA:1246,0
DA:1250,0
DA:1254,0
DA:1256,0
DA:1261,0
DA:1262,0
DA:1263,0
DA:1267,0
DA:1269,0
DA:1275,0
DA:1281,0
DA:1285,0
DA:1291,0
DA:1295,0
DA:1298,0
DA:1299,0
DA:1303,0
DA:1304,0
DA:1308,0
DA:1310,0
DA:1313,0
DA:1317,0
DA:1323,0
DA:1327,0
DA:1328,0
DA:1329,0
DA:1330,0
DA:1334,0
DA:1335,0
DA:1336,0
DA:1337,0
DA:1343,0
DA:1345,0
DA:1346,0
DA:1347,0
DA:1353,0
DA:1354,0
DA:1355,0
DA:1357,0
DA:1358,0
DA:1361,0
DA:1367,0
DA:1368,0
DA:1372,0
DA:1373,0
DA:1377,0
DA:1378,0
DA:1387,0
DA:1388,0
DA:1389,0
DA:1392,0
DA:1393,0
DA:1401,0
DA:1402,0
DA:1403,0
DA:1405,0
DA:1406,0
DA:1409,0
DA:1410,0
DA:1414,0
DA:1415,0
DA:1418,0
DA:1422,0
DA:1424,0
DA:1425,0
DA:1428,0
DA:1429,0
DA:1432,0
DA:1433,0
DA:1436,0
DA:1437,0
DA:1440,0
DA:1444,0
DA:1445,0
DA:1447,0
DA:1448,0
DA:1451,0
DA:1452,0
DA:1455,0
DA:1459,0
DA:1463,0
DA:1465,0
DA:1470,0
DA:1472,0
DA:1473,0
DA:1474,0
DA:1476,0
DA:1480,0
DA:1481,0
DA:1483,0
DA:1488,0
DA:1489,0
DA:1491,0
DA:1495,0
DA:1496,0
DA:1498,0
DA:1499,0
DA:1501,0
DA:1505,0
DA:1507,0
DA:1508,0
DA:1509,0
DA:1511,0
DA:1515,0
DA:1517,0
DA:1519,0
DA:1521,0
DA:1523,0
DA:1528,0
DA:1529,0
DA:1530,0
DA:1531,0
DA:1532,0
LF:428
LH:0
BRDA:128,0,0,0
BRDA:128,0,1,0
BRDA:149,1,0,0
BRDA:149,1,1,0
BRDA:175,2,0,0
BRDA:175,2,1,0
BRDA:196,3,0,0
BRDA:196,3,1,0
BRDA:197,4,0,0
BRDA:197,4,1,0
BRDA:201,5,0,0
BRDA:201,5,1,0
BRDA:216,6,0,0
BRDA:216,6,1,0
BRDA:216,7,0,0
BRDA:216,7,1,0
BRDA:221,8,0,0
BRDA:221,8,1,0
BRDA:243,9,0,0
BRDA:243,9,1,0
BRDA:291,10,0,0
BRDA:291,10,1,0
BRDA:292,11,0,0
BRDA:292,11,1,0
BRDA:295,12,0,0
BRDA:295,12,1,0
BRDA:316,13,0,0
BRDA:316,13,1,0
BRDA:327,14,0,0
BRDA:327,14,1,0
BRDA:352,15,0,0
BRDA:352,15,1,0
BRDA:412,16,0,0
BRDA:412,16,1,0
BRDA:421,17,0,0
BRDA:421,17,1,0
BRDA:431,18,0,0
BRDA:431,18,1,0
BRDA:440,19,0,0
BRDA:440,19,1,0
BRDA:475,20,0,0
BRDA:475,20,1,0
BRDA:506,21,0,0
BRDA:506,21,1,0
BRDA:515,22,0,0
BRDA:515,22,1,0
BRDA:525,23,0,0
BRDA:525,23,1,0
BRDA:534,24,0,0
BRDA:534,24,1,0
BRDA:554,25,0,0
BRDA:554,25,1,0
BRDA:573,26,0,0
BRDA:573,26,1,0
BRDA:600,27,0,0
BRDA:600,27,1,0
BRDA:636,28,0,0
BRDA:636,28,1,0
BRDA:655,29,0,0
BRDA:655,29,1,0
BRDA:676,30,0,0
BRDA:676,30,1,0
BRDA:685,31,0,0
BRDA:685,31,1,0
BRDA:706,32,0,0
BRDA:706,32,1,0
BRDA:707,33,0,0
BRDA:707,33,1,0
BRDA:710,34,0,0
BRDA:710,34,1,0
BRDA:721,35,0,0
BRDA:721,35,1,0
BRDA:787,36,0,0
BRDA:787,36,1,0
BRDA:808,37,0,0
BRDA:808,37,1,0
BRDA:817,38,0,0
BRDA:817,38,1,0
BRDA:818,39,0,0
BRDA:818,39,1,0
BRDA:839,40,0,0
BRDA:839,40,1,0
BRDA:840,41,0,0
BRDA:840,41,1,0
BRDA:843,42,0,0
BRDA:843,42,1,0
BRDA:854,43,0,0
BRDA:854,43,1,0
BRDA:907,44,0,0
BRDA:907,44,1,0
BRDA:936,45,0,0
BRDA:936,45,1,0
BRDA:937,46,0,0
BRDA:937,46,1,0
BRDA:940,47,0,0
BRDA:940,47,1,0
BRDA:981,48,0,0
BRDA:981,48,1,0
BRDA:1010,49,0,0
BRDA:1010,49,1,0
BRDA:1011,50,0,0
BRDA:1011,50,1,0
BRDA:1014,51,0,0
BRDA:1014,51,1,0
BRDA:1059,52,0,0
BRDA:1059,52,1,0
BRDA:1094,53,0,0
BRDA:1094,53,1,0
BRDA:1143,54,0,0
BRDA:1143,54,1,0
BRDA:1157,55,0,0
BRDA:1157,55,1,0
BRDA:1157,56,0,0
BRDA:1157,56,1,0
BRDA:1160,57,0,0
BRDA:1160,57,1,0
BRDA:1172,58,0,0
BRDA:1172,58,1,0
BRDA:1173,59,0,0
BRDA:1173,59,1,0
BRDA:1193,60,0,0
BRDA:1193,61,0,0
BRDA:1196,62,0,0
BRDA:1196,62,1,0
BRDA:1222,63,0,0
BRDA:1222,63,1,0
BRDA:1245,64,0,0
BRDA:1245,64,1,0
BRDA:1262,65,0,0
BRDA:1262,65,1,0
BRDA:1281,66,0,0
BRDA:1281,66,1,0
BRDA:1291,67,0,0
BRDA:1291,67,1,0
BRDA:1298,68,0,0
BRDA:1298,68,1,0
BRDA:1298,69,0,0
BRDA:1298,69,1,0
BRDA:1303,70,0,0
BRDA:1303,70,1,0
BRDA:1303,71,0,0
BRDA:1303,71,1,0
BRDA:1308,72,0,0
BRDA:1308,72,1,0
BRDA:1308,73,0,0
BRDA:1308,73,1,0
BRDA:1308,73,2,0
BRDA:1308,73,3,0
BRDA:1327,74,0,0
BRDA:1327,74,1,0
BRDA:1327,75,0,0
BRDA:1327,75,1,0
BRDA:1329,76,0,0
BRDA:1329,76,1,0
BRDA:1334,77,0,0
BRDA:1334,77,1,0
BRDA:1334,78,0,0
BRDA:1334,78,1,0
BRDA:1336,79,0,0
BRDA:1336,79,1,0
BRDA:1343,80,0,0
BRDA:1343,80,1,0
BRDA:1346,81,0,0
BRDA:1346,81,1,0
BRDA:1357,82,0,0
BRDA:1357,82,1,0
BRDA:1357,83,0,0
BRDA:1357,83,1,0
BRDA:1367,84,0,0
BRDA:1367,84,1,0
BRDA:1372,85,0,0
BRDA:1372,85,1,0
BRDA:1377,86,0,0
BRDA:1377,86,1,0
BRDA:1389,87,0,0
BRDA:1389,87,1,0
BRDA:1392,88,0,0
BRDA:1392,88,1,0
BRDA:1409,89,0,0
BRDA:1409,89,1,0
BRDA:1415,90,0,0
BRDA:1415,90,1,0
BRDA:1424,91,0,0
BRDA:1424,91,1,0
BRDA:1428,92,0,0
BRDA:1428,92,1,0
BRDA:1432,93,0,0
BRDA:1432,93,1,0
BRDA:1436,94,0,0
BRDA:1436,94,1,0
BRDA:1436,95,0,0
BRDA:1436,95,1,0
BRDA:1447,96,0,0
BRDA:1447,96,1,0
BRDA:1447,97,0,0
BRDA:1447,97,1,0
BRDA:1451,98,0,0
BRDA:1451,98,1,0
BRDA:1451,99,0,0
BRDA:1451,99,1,0
BRDA:1459,100,0,0
BRDA:1459,100,1,0
BRDA:1459,100,2,0
BRDA:1459,100,3,0
BRDA:1472,101,0,0
BRDA:1472,101,1,0
BRDA:1473,102,0,0
BRDA:1473,102,1,0
BRDA:1474,103,0,0
BRDA:1474,103,1,0
BRDA:1488,104,0,0
BRDA:1488,104,1,0
BRDA:1495,105,0,0
BRDA:1495,105,1,0
BRDA:1498,106,0,0
BRDA:1498,106,1,0
BRDA:1507,107,0,0
BRDA:1507,107,1,0
BRDA:1508,108,0,0
BRDA:1508,108,1,0
BRDA:1509,109,0,0
BRDA:1509,109,1,0
BRDA:1515,110,0,0
BRDA:1515,110,1,0
BRDA:1515,110,2,0
BRDA:1515,110,3,0
BRDA:1528,111,0,0
BRDA:1528,111,1,0
BRDA:1528,111,2,0
BRDA:1528,111,3,0
BRF:230
BRH:0
end_of_record
TN:
SF:src\controllers\certificate.controller.ts
FN:132,getGlobalTransferAnalytics
FN:156,createCertificate
FN:387,transferCertificates
FN:432,(anonymous_3)
FN:433,(anonymous_4)
FN:440,(anonymous_5)
FN:523,retryFailedTransfers
FN:563,listCertificates
FN:666,(anonymous_8)
FN:707,getCertificate
FN:797,getWeb3Analytics
FN:875,createBatchCertificates
FN:1024,revokeCertificate
FN:1122,getPendingTransfers
FN:1145,(anonymous_14)
FN:1171,getBatchProgress
FN:1229,getCertificateUsage
FN:1245,getTransferUsage
FN:1250,(anonymous_18)
FN:1258,getPlanLimits
FN:1271,getTransferLimits
FN:1280,getBatchLimits
FN:1289,validateRecipient
FN:1308,getOwnershipStatus
FN:1315,getTransferHealth
FN:1341,processCertificateDelivery
FN:1361,getCertificateNextSteps
FN:1395,calculateBatchDuration
FN:1407,determineBatchPriority
FN:1415,calculateEstimatedGasCost
FN:1421,generateWeb3Insights
FN:1444,generateWeb3Recommendations
FN:1469,calculateMonthlyGrowth
FN:1472,(anonymous_33)
FNF:34
FNH:0
FNDA:0,getGlobalTransferAnalytics
FNDA:0,createCertificate
FNDA:0,transferCertificates
FNDA:0,(anonymous_3)
FNDA:0,(anonymous_4)
FNDA:0,(anonymous_5)
FNDA:0,retryFailedTransfers
FNDA:0,listCertificates
FNDA:0,(anonymous_8)
FNDA:0,getCertificate
FNDA:0,getWeb3Analytics
FNDA:0,createBatchCertificates
FNDA:0,revokeCertificate
FNDA:0,getPendingTransfers
FNDA:0,(anonymous_14)
FNDA:0,getBatchProgress
FNDA:0,getCertificateUsage
FNDA:0,getTransferUsage
FNDA:0,(anonymous_18)
FNDA:0,getPlanLimits
FNDA:0,getTransferLimits
FNDA:0,getBatchLimits
FNDA:0,validateRecipient
FNDA:0,getOwnershipStatus
FNDA:0,getTransferHealth
FNDA:0,processCertificateDelivery
FNDA:0,getCertificateNextSteps
FNDA:0,calculateBatchDuration
FNDA:0,determineBatchPriority
FNDA:0,calculateEstimatedGasCost
FNDA:0,generateWeb3Insights
FNDA:0,generateWeb3Recommendations
FNDA:0,calculateMonthlyGrowth
FNDA:0,(anonymous_33)
DA:3,0
DA:7,0
DA:9,0
DA:10,0
DA:11,0
DA:12,0
DA:13,0
DA:14,0
DA:15,0
DA:16,0
DA:17,0
DA:125,0
DA:126,0
DA:127,0
DA:128,0
DA:129,0
DA:130,0
DA:133,0
DA:135,0
DA:140,0
DA:147,0
DA:148,0
DA:156,0
DA:161,0
DA:162,0
DA:163,0
DA:164,0
DA:167,0
DA:168,0
DA:169,0
DA:172,0
DA:173,0
DA:176,0
DA:177,0
DA:179,0
DA:198,0
DA:202,0
DA:203,0
DA:204,0
DA:206,0
DA:207,0
DA:220,0
DA:225,0
DA:226,0
DA:227,0
DA:231,0
DA:235,0
DA:236,0
DA:237,0
DA:242,0
DA:246,0
DA:252,0
DA:253,0
DA:268,0
DA:273,0
DA:275,0
DA:276,0
DA:277,0
DA:283,0
DA:286,0
DA:287,0
DA:291,0
DA:294,0
DA:303,0
DA:304,0
DA:309,0
DA:313,0
DA:316,0
DA:317,0
DA:319,0
DA:324,0
DA:327,0
DA:336,0
DA:378,0
DA:379,0
DA:387,0
DA:392,0
DA:393,0
DA:394,0
DA:395,0
DA:398,0
DA:399,0
DA:400,0
DA:406,0
DA:409,0
DA:410,0
DA:414,0
DA:418,0
DA:423,0
DA:424,0
DA:428,0
DA:432,0
DA:433,0
DA:435,0
DA:436,0
DA:440,0
DA:448,0
DA:452,0
DA:453,0
DA:454,0
DA:456,0
DA:457,0
DA:462,0
DA:466,0
DA:467,0
DA:469,0
DA:470,0
DA:471,0
DA:472,0
DA:473,0
DA:479,0
DA:486,0
DA:495,0
DA:497,0
DA:514,0
DA:515,0
DA:523,0
DA:528,0
DA:529,0
DA:530,0
DA:533,0
DA:534,0
DA:535,0
DA:539,0
DA:543,0
DA:546,0
DA:548,0
DA:554,0
DA:555,0
DA:563,0
DA:568,0
DA:569,0
DA:570,0
DA:585,0
DA:588,0
DA:589,0
DA:592,0
DA:593,0
DA:596,0
DA:599,0
DA:600,0
DA:601,0
DA:602,0
DA:603,0
DA:608,0
DA:609,0
DA:617,0
DA:618,0
DA:619,0
DA:624,0
DA:625,0
DA:626,0
DA:630,0
DA:631,0
DA:633,0
DA:634,0
DA:636,0
DA:637,0
DA:639,0
DA:640,0
DA:644,0
DA:645,0
DA:646,0
DA:647,0
DA:651,0
DA:657,0
DA:660,0
DA:663,0
DA:665,0
DA:666,0
DA:698,0
DA:699,0
DA:707,0
DA:712,0
DA:713,0
DA:714,0
DA:716,0
DA:717,0
DA:721,0
DA:725,0
DA:730,0
DA:731,0
DA:735,0
DA:739,0
DA:740,0
DA:741,0
DA:742,0
DA:743,0
DA:745,0
DA:754,0
DA:759,0
DA:761,0
DA:788,0
DA:789,0
DA:797,0
DA:802,0
DA:803,0
DA:804,0
DA:810,0
DA:813,0
DA:814,0
DA:815,0
DA:820,0
DA:824,0
DA:831,0
DA:833,0
DA:866,0
DA:867,0
DA:875,0
DA:880,0
DA:881,0
DA:882,0
DA:883,0
DA:886,0
DA:887,0
DA:888,0
DA:894,0
DA:897,0
DA:900,0
DA:901,0
DA:902,0
DA:908,0
DA:912,0
DA:913,0
DA:917,0
DA:918,0
DA:932,0
DA:936,0
DA:937,0
DA:938,0
DA:940,0
DA:941,0
DA:942,0
DA:944,0
DA:945,0
DA:956,0
DA:961,0
DA:978,0
DA:981,0
DA:982,0
DA:984,0
DA:988,0
DA:1015,0
DA:1016,0
DA:1024,0
DA:1029,0
DA:1030,0
DA:1031,0
DA:1032,0
DA:1035,0
DA:1040,0
DA:1041,0
DA:1045,0
DA:1049,0
DA:1050,0
DA:1056,0
DA:1060,0
DA:1061,0
DA:1062,0
DA:1065,0
DA:1067,0
DA:1072,0
DA:1073,0
DA:1074,0
DA:1075,0
DA:1077,0
DA:1080,0
DA:1083,0
DA:1084,0
DA:1095,0
DA:1113,0
DA:1114,0
DA:1122,0
DA:1127,0
DA:1128,0
DA:1131,0
DA:1132,0
DA:1133,0
DA:1137,0
DA:1141,0
DA:1143,0
DA:1145,0
DA:1162,0
DA:1163,0
DA:1171,0
DA:1176,0
DA:1177,0
DA:1178,0
DA:1181,0
DA:1183,0
DA:1184,0
DA:1188,0
DA:1191,0
DA:1222,0
DA:1223,0
DA:1230,0
DA:1231,0
DA:1232,0
DA:1234,0
DA:1242,0
DA:1246,0
DA:1247,0
DA:1249,0
DA:1250,0
DA:1252,0
DA:1259,0
DA:1260,0
DA:1262,0
DA:1272,0
DA:1277,0
DA:1281,0
DA:1286,0
DA:1290,0
DA:1292,0
DA:1293,0
DA:1296,0
DA:1297,0
DA:1300,0
DA:1301,0
DA:1304,0
DA:1309,0
DA:1310,0
DA:1311,0
DA:1312,0
DA:1316,0
DA:1317,0
DA:1319,0
DA:1320,0
DA:1321,0
DA:1324,0
DA:1325,0
DA:1326,0
DA:1329,0
DA:1330,0
DA:1331,0
DA:1334,0
DA:1343,0
DA:1354,0
DA:1355,0
DA:1357,0
DA:1362,0
DA:1364,0
DA:1365,0
DA:1366,0
DA:1371,0
DA:1372,0
DA:1378,0
DA:1385,0
DA:1392,0
DA:1396,0
DA:1397,0
DA:1398,0
DA:1400,0
DA:1401,0
DA:1402,0
DA:1404,0
DA:1408,0
DA:1409,0
DA:1410,0
DA:1411,0
DA:1417,0
DA:1418,0
DA:1422,0
DA:1424,0
DA:1425,0
DA:1428,0
DA:1429,0
DA:1432,0
DA:1433,0
DA:1436,0
DA:1437,0
DA:1438,0
DA:1441,0
DA:1445,0
DA:1447,0
DA:1448,0
DA:1451,0
DA:1452,0
DA:1455,0
DA:1456,0
DA:1459,0
DA:1462,0
DA:1463,0
DA:1466,0
DA:1470,0
DA:1472,0
DA:1473,0
DA:1474,0
DA:1476,0
DA:1478,0
LF:390
LH:0
BRDA:163,0,0,0
BRDA:163,0,1,0
BRDA:164,1,0,0
BRDA:164,1,1,0
BRDA:168,2,0,0
BRDA:168,2,1,0
BRDA:169,3,0,0
BRDA:169,3,1,0
BRDA:173,4,0,0
BRDA:173,4,1,0
BRDA:176,5,0,0
BRDA:176,5,1,0
BRDA:176,6,0,0
BRDA:176,6,1,0
BRDA:202,7,0,0
BRDA:202,7,1,0
BRDA:202,8,0,0
BRDA:202,8,1,0
BRDA:206,9,0,0
BRDA:206,9,1,0
BRDA:226,10,0,0
BRDA:226,10,1,0
BRDA:236,11,0,0
BRDA:236,11,1,0
BRDA:252,12,0,0
BRDA:252,12,1,0
BRDA:276,13,0,0
BRDA:276,13,1,0
BRDA:276,14,0,0
BRDA:276,14,1,0
BRDA:286,15,0,0
BRDA:286,15,1,0
BRDA:353,16,0,0
BRDA:353,16,1,0
BRDA:363,17,0,0
BRDA:363,17,1,0
BRDA:365,18,0,0
BRDA:365,18,1,0
BRDA:394,19,0,0
BRDA:394,19,1,0
BRDA:395,20,0,0
BRDA:395,20,1,0
BRDA:399,21,0,0
BRDA:399,21,1,0
BRDA:409,22,0,0
BRDA:409,22,1,0
BRDA:423,23,0,0
BRDA:423,23,1,0
BRDA:435,24,0,0
BRDA:435,24,1,0
BRDA:456,25,0,0
BRDA:456,25,1,0
BRDA:472,26,0,0
BRDA:472,26,1,0
BRDA:530,27,0,0
BRDA:534,28,0,0
BRDA:534,28,1,0
BRDA:570,29,0,0
BRDA:570,29,1,0
BRDA:572,30,0,0
BRDA:573,31,0,0
BRDA:580,32,0,0
BRDA:581,33,0,0
BRDA:582,34,0,0
BRDA:593,35,0,0
BRDA:593,35,1,0
BRDA:599,36,0,0
BRDA:599,36,1,0
BRDA:600,37,0,0
BRDA:600,37,1,0
BRDA:601,38,0,0
BRDA:601,38,1,0
BRDA:602,39,0,0
BRDA:602,39,1,0
BRDA:602,40,0,0
BRDA:602,40,1,0
BRDA:608,41,0,0
BRDA:608,41,1,0
BRDA:617,42,0,0
BRDA:617,42,1,0
BRDA:618,43,0,0
BRDA:618,43,1,0
BRDA:624,44,0,0
BRDA:624,44,1,0
BRDA:630,45,0,0
BRDA:630,45,1,0
BRDA:631,46,0,0
BRDA:631,46,1,0
BRDA:631,46,2,0
BRDA:644,47,0,0
BRDA:644,47,1,0
BRDA:646,48,0,0
BRDA:646,48,1,0
BRDA:652,49,0,0
BRDA:652,49,1,0
BRDA:652,50,0,0
BRDA:652,50,1,0
BRDA:683,51,0,0
BRDA:683,51,1,0
BRDA:692,52,0,0
BRDA:692,52,1,0
BRDA:694,53,0,0
BRDA:694,53,1,0
BRDA:716,54,0,0
BRDA:716,54,1,0
BRDA:730,55,0,0
BRDA:730,55,1,0
BRDA:740,56,0,0
BRDA:740,56,1,0
BRDA:740,57,0,0
BRDA:740,57,1,0
BRDA:751,58,0,0
BRDA:751,58,1,0
BRDA:771,59,0,0
BRDA:771,59,1,0
BRDA:772,60,0,0
BRDA:772,60,1,0
BRDA:777,61,0,0
BRDA:777,61,1,0
BRDA:804,62,0,0
BRDA:804,62,1,0
BRDA:806,63,0,0
BRDA:807,64,0,0
BRDA:808,65,0,0
BRDA:809,66,0,0
BRDA:814,67,0,0
BRDA:814,67,1,0
BRDA:827,68,0,0
BRDA:827,68,1,0
BRDA:840,69,0,0
BRDA:840,69,1,0
BRDA:843,70,0,0
BRDA:843,70,1,0
BRDA:844,71,0,0
BRDA:844,71,1,0
BRDA:847,72,0,0
BRDA:847,72,1,0
BRDA:853,73,0,0
BRDA:853,73,1,0
BRDA:856,74,0,0
BRDA:856,74,1,0
BRDA:882,75,0,0
BRDA:882,75,1,0
BRDA:883,76,0,0
BRDA:883,76,1,0
BRDA:887,77,0,0
BRDA:887,77,1,0
BRDA:901,78,0,0
BRDA:901,78,1,0
BRDA:912,79,0,0
BRDA:912,79,1,0
BRDA:913,80,0,0
BRDA:913,80,1,0
BRDA:917,81,0,0
BRDA:917,81,1,0
BRDA:917,82,0,0
BRDA:917,82,1,0
BRDA:937,83,0,0
BRDA:937,83,1,0
BRDA:938,84,0,0
BRDA:938,84,1,0
BRDA:940,85,0,0
BRDA:940,85,1,0
BRDA:940,86,0,0
BRDA:940,86,1,0
BRDA:944,87,0,0
BRDA:944,87,1,0
BRDA:966,88,0,0
BRDA:966,88,1,0
BRDA:1000,89,0,0
BRDA:1000,89,1,0
BRDA:1001,90,0,0
BRDA:1001,90,1,0
BRDA:1032,91,0,0
BRDA:1032,92,0,0
BRDA:1032,93,0,0
BRDA:1032,93,1,0
BRDA:1040,94,0,0
BRDA:1040,94,1,0
BRDA:1049,95,0,0
BRDA:1049,95,1,0
BRDA:1061,96,0,0
BRDA:1061,96,1,0
BRDA:1061,97,0,0
BRDA:1061,97,1,0
BRDA:1061,97,2,0
BRDA:1083,98,0,0
BRDA:1083,98,1,0
BRDA:1107,99,0,0
BRDA:1107,99,1,0
BRDA:1132,100,0,0
BRDA:1132,100,1,0
BRDA:1183,101,0,0
BRDA:1183,101,1,0
BRDA:1207,102,0,0
BRDA:1207,102,1,0
BRDA:1208,103,0,0
BRDA:1208,103,1,0
BRDA:1209,104,0,0
BRDA:1209,104,1,0
BRDA:1210,105,0,0
BRDA:1210,105,1,0
BRDA:1211,106,0,0
BRDA:1211,106,1,0
BRDA:1218,107,0,0
BRDA:1218,107,1,0
BRDA:1253,108,0,0
BRDA:1253,108,1,0
BRDA:1254,109,0,0
BRDA:1254,109,1,0
BRDA:1260,110,0,0
BRDA:1260,110,1,0
BRDA:1266,111,0,0
BRDA:1266,111,1,0
BRDA:1277,112,0,0
BRDA:1277,112,1,0
BRDA:1286,113,0,0
BRDA:1286,113,1,0
BRDA:1290,114,0,0
BRDA:1290,114,1,0
BRDA:1290,114,2,0
BRDA:1290,114,3,0
BRDA:1293,115,0,0
BRDA:1293,115,1,0
BRDA:1297,116,0,0
BRDA:1297,116,1,0
BRDA:1301,117,0,0
BRDA:1301,117,1,0
BRDA:1309,118,0,0
BRDA:1309,118,1,0
BRDA:1310,119,0,0
BRDA:1310,119,1,0
BRDA:1310,120,0,0
BRDA:1310,120,1,0
BRDA:1311,121,0,0
BRDA:1311,121,1,0
BRDA:1319,122,0,0
BRDA:1319,122,1,0
BRDA:1324,123,0,0
BRDA:1324,123,1,0
BRDA:1329,124,0,0
BRDA:1329,124,1,0
BRDA:1329,125,0,0
BRDA:1329,125,1,0
BRDA:1329,125,2,0
BRDA:1335,126,0,0
BRDA:1335,126,1,0
BRDA:1335,127,0,0
BRDA:1335,127,1,0
BRDA:1354,128,0,0
BRDA:1354,128,1,0
BRDA:1364,129,0,0
BRDA:1364,129,1,0
BRDA:1365,130,0,0
BRDA:1365,130,1,0
BRDA:1365,131,0,0
BRDA:1365,131,1,0
BRDA:1371,132,0,0
BRDA:1371,132,1,0
BRDA:1371,133,0,0
BRDA:1371,133,1,0
BRDA:1396,134,0,0
BRDA:1396,134,1,0
BRDA:1397,135,0,0
BRDA:1397,135,1,0
BRDA:1398,136,0,0
BRDA:1398,136,1,0
BRDA:1402,137,0,0
BRDA:1402,137,1,0
BRDA:1408,138,0,0
BRDA:1408,138,1,0
BRDA:1408,138,2,0
BRDA:1424,139,0,0
BRDA:1424,139,1,0
BRDA:1428,140,0,0
BRDA:1428,140,1,0
BRDA:1432,141,0,0
BRDA:1432,141,1,0
BRDA:1437,142,0,0
BRDA:1437,142,1,0
BRDA:1447,143,0,0
BRDA:1447,143,1,0
BRDA:1451,144,0,0
BRDA:1451,144,1,0
BRDA:1455,145,0,0
BRDA:1455,145,1,0
BRDA:1455,146,0,0
BRDA:1455,146,1,0
BRDA:1459,147,0,0
BRDA:1459,147,1,0
BRDA:1462,148,0,0
BRDA:1462,148,1,0
BRDA:1470,149,0,0
BRDA:1470,149,1,0
BRDA:1470,150,0,0
BRDA:1470,150,1,0
BRDA:1476,151,0,0
BRDA:1476,151,1,0
BRF:298
BRH:0
end_of_record
TN:
SF:src\controllers\domainMapping.controller.ts
FN:49,addDomainMapping
FN:208,listDomainMappings
FN:228,(anonymous_2)
FN:256,(anonymous_3)
FN:257,(anonymous_4)
FN:258,(anonymous_5)
FN:271,getDomainMapping
FN:336,verifyDomain
FN:433,updateDomainMapping
FN:497,removeDomainMapping
FN:573,renewCertificate
FN:638,getDomainHealth
FN:688,getDomainAnalytics
FN:750,testDomain
FN:796,getDomainLimits
FN:830,generateSetupInstructions
FN:860,generateHealthRecommendations
FN:882,generatePerformanceInsights
FN:904,generateTroubleshootingSteps
FN:945,generateAnalyticsInsights
FN:963,generateAnalyticsRecommendations
FNF:21
FNH:0
FNDA:0,addDomainMapping
FNDA:0,listDomainMappings
FNDA:0,(anonymous_2)
FNDA:0,(anonymous_3)
FNDA:0,(anonymous_4)
FNDA:0,(anonymous_5)
FNDA:0,getDomainMapping
FNDA:0,verifyDomain
FNDA:0,updateDomainMapping
FNDA:0,removeDomainMapping
FNDA:0,renewCertificate
FNDA:0,getDomainHealth
FNDA:0,getDomainAnalytics
FNDA:0,testDomain
FNDA:0,getDomainLimits
FNDA:0,generateSetupInstructions
FNDA:0,generateHealthRecommendations
FNDA:0,generatePerformanceInsights
FNDA:0,generateTroubleshootingSteps
FNDA:0,generateAnalyticsInsights
FNDA:0,generateAnalyticsRecommendations
DA:3,0
DA:7,0
DA:8,0
DA:9,0
DA:10,0
DA:11,0
DA:41,0
DA:42,0
DA:43,0
DA:49,0
DA:54,0
DA:55,0
DA:56,0
DA:57,0
DA:60,0
DA:61,0
DA:72,0
DA:76,0
DA:77,0
DA:79,0
DA:80,0
DA:87,0
DA:91,0
DA:92,0
DA:93,0
DA:100,0
DA:104,0
DA:105,0
DA:106,0
DA:111,0
DA:115,0
DA:116,0
DA:121,0
DA:122,0
DA:127,0
DA:132,0
DA:149,0
DA:152,0
DA:155,0
DA:158,0
DA:164,0
DA:199,0
DA:200,0
DA:208,0
DA:213,0
DA:214,0
DA:215,0
DA:218,0
DA:221,0
DA:222,0
DA:225,0
DA:227,0
DA:228,0
DA:256,0
DA:257,0
DA:258,0
DA:262,0
DA:263,0
DA:271,0
DA:276,0
DA:277,0
DA:278,0
DA:280,0
DA:281,0
DA:285,0
DA:289,0
DA:291,0
DA:292,0
DA:296,0
DA:300,0
DA:301,0
DA:303,0
DA:327,0
DA:328,0
DA:336,0
DA:341,0
DA:342,0
DA:343,0
DA:344,0
DA:347,0
DA:348,0
DA:349,0
DA:353,0
DA:357,0
DA:358,0
DA:363,0
DA:367,0
DA:373,0
DA:374,0
DA:381,0
DA:385,0
DA:388,0
DA:391,0
DA:397,0
DA:424,0
DA:425,0
DA:433,0
DA:438,0
DA:439,0
DA:440,0
DA:441,0
DA:444,0
DA:445,0
DA:446,0
DA:450,0
DA:454,0
DA:455,0
DA:459,0
DA:463,0
DA:475,0
DA:477,0
DA:488,0
DA:489,0
DA:497,0
DA:502,0
DA:503,0
DA:504,0
DA:507,0
DA:508,0
DA:509,0
DA:513,0
DA:517,0
DA:518,0
DA:522,0
DA:526,0
DA:533,0
DA:536,0
DA:539,0
DA:542,0
DA:548,0
DA:564,0
DA:565,0
DA:573,0
DA:578,0
DA:579,0
DA:580,0
DA:583,0
DA:584,0
DA:585,0
DA:589,0
DA:593,0
DA:594,0
DA:599,0
DA:603,0
DA:609,0
DA:611,0
DA:629,0
DA:630,0
DA:638,0
DA:643,0
DA:644,0
DA:645,0
DA:648,0
DA:649,0
DA:650,0
DA:654,0
DA:658,0
DA:660,0
DA:679,0
DA:680,0
DA:688,0
DA:693,0
DA:694,0
DA:695,0
DA:696,0
DA:697,0
DA:700,0
DA:701,0
DA:706,0
DA:710,0
DA:711,0
DA:712,0
DA:716,0
DA:720,0
DA:727,0
DA:741,0
DA:742,0
DA:750,0
DA:755,0
DA:756,0
DA:757,0
DA:760,0
DA:761,0
DA:762,0
DA:766,0
DA:770,0
DA:773,0
DA:775,0
DA:790,0
DA:791,0
DA:797,0
DA:827,0
DA:831,0
DA:861,0
DA:863,0
DA:864,0
DA:867,0
DA:868,0
DA:871,0
DA:872,0
DA:875,0
DA:876,0
DA:879,0
DA:883,0
DA:885,0
DA:886,0
DA:889,0
DA:890,0
DA:893,0
DA:894,0
DA:897,0
DA:898,0
DA:901,0
DA:905,0
DA:907,0
DA:909,0
DA:915,0
DA:917,0
DA:924,0
DA:926,0
DA:933,0
DA:935,0
DA:942,0
DA:946,0
DA:948,0
DA:949,0
DA:952,0
DA:953,0
DA:956,0
DA:957,0
DA:960,0
DA:964,0
DA:966,0
DA:967,0
DA:970,0
DA:971,0
DA:974,0
DA:975,0
DA:978,0
LF:239
LH:0
BRDA:56,0,0,0
BRDA:56,0,1,0
BRDA:57,1,0,0
BRDA:57,2,0,0
BRDA:57,3,0,0
BRDA:57,4,0,0
BRDA:57,4,1,0
BRDA:60,5,0,0
BRDA:60,5,1,0
BRDA:79,6,0,0
BRDA:79,6,1,0
BRDA:92,7,0,0
BRDA:92,7,1,0
BRDA:105,8,0,0
BRDA:105,8,1,0
BRDA:105,9,0,0
BRDA:105,9,1,0
BRDA:115,10,0,0
BRDA:115,10,1,0
BRDA:115,11,0,0
BRDA:115,11,1,0
BRDA:121,12,0,0
BRDA:121,12,1,0
BRDA:215,13,0,0
BRDA:215,13,1,0
BRDA:280,14,0,0
BRDA:280,14,1,0
BRDA:291,15,0,0
BRDA:291,15,1,0
BRDA:306,16,0,0
BRDA:306,16,1,0
BRDA:319,17,0,0
BRDA:319,17,1,0
BRDA:344,18,0,0
BRDA:348,19,0,0
BRDA:348,19,1,0
BRDA:357,20,0,0
BRDA:357,20,1,0
BRDA:373,21,0,0
BRDA:373,21,1,0
BRDA:441,22,0,0
BRDA:441,22,1,0
BRDA:445,23,0,0
BRDA:445,23,1,0
BRDA:454,24,0,0
BRDA:454,24,1,0
BRDA:483,25,0,0
BRDA:483,25,1,0
BRDA:508,26,0,0
BRDA:508,26,1,0
BRDA:517,27,0,0
BRDA:517,27,1,0
BRDA:584,28,0,0
BRDA:584,28,1,0
BRDA:593,29,0,0
BRDA:593,29,1,0
BRDA:649,30,0,0
BRDA:649,30,1,0
BRDA:695,31,0,0
BRDA:695,31,1,0
BRDA:697,32,0,0
BRDA:700,33,0,0
BRDA:700,33,1,0
BRDA:711,34,0,0
BRDA:711,34,1,0
BRDA:737,35,0,0
BRDA:737,35,1,0
BRDA:761,36,0,0
BRDA:761,36,1,0
BRDA:827,37,0,0
BRDA:827,37,1,0
BRDA:863,38,0,0
BRDA:863,38,1,0
BRDA:867,39,0,0
BRDA:867,39,1,0
BRDA:871,40,0,0
BRDA:871,40,1,0
BRDA:875,41,0,0
BRDA:875,41,1,0
BRDA:885,42,0,0
BRDA:885,42,1,0
BRDA:889,43,0,0
BRDA:889,43,1,0
BRDA:893,44,0,0
BRDA:893,44,1,0
BRDA:897,45,0,0
BRDA:897,45,1,0
BRDA:907,46,0,0
BRDA:907,46,1,0
BRDA:907,46,2,0
BRDA:907,46,3,0
BRDA:948,47,0,0
BRDA:948,47,1,0
BRDA:952,48,0,0
BRDA:952,48,1,0
BRDA:956,49,0,0
BRDA:956,49,1,0
BRDA:966,50,0,0
BRDA:966,50,1,0
BRDA:970,51,0,0
BRDA:970,51,1,0
BRDA:974,52,0,0
BRDA:974,52,1,0
BRF:103
BRH:0
end_of_record
TN:
SF:src\controllers\emailGating.controller.ts
FN:95,(anonymous_0)
FN:129,(anonymous_1)
FN:170,(anonymous_2)
FN:219,(anonymous_3)
FN:236,(anonymous_4)
FN:295,(anonymous_5)
FN:351,(anonymous_6)
FN:392,(anonymous_7)
FN:429,(anonymous_8)
FN:469,(anonymous_9)
FN:506,(anonymous_10)
FN:553,(anonymous_11)
FN:593,(anonymous_12)
FN:623,generateSettingsRecommendations
FN:641,analyzeSettingsImpact
FN:663,generateSettingsWarnings
FN:677,generateCustomerInsights
FN:680,(anonymous_17)
FN:681,(anonymous_18)
FN:685,(anonymous_19)
FN:686,(anonymous_20)
FN:689,(anonymous_21)
FN:695,generateImportRecommendations
FN:713,analyzeCSVImport
FN:724,generateAnalyticsInsights
FN:748,generateAnalyticsRecommendations
FN:775,generateBenchmarks
FN:793,calculateCustomerHealthScore
FN:817,calculateGrowthRate
FN:828,findMostEffectiveSource
FN:832,(anonymous_30)
FN:842,calculateAutomationLevel
FN:844,(anonymous_32)
FN:849,(anonymous_33)
FN:850,(anonymous_34)
FNF:35
FNH:0
FNDA:0,(anonymous_0)
FNDA:0,(anonymous_1)
FNDA:0,(anonymous_2)
FNDA:0,(anonymous_3)
FNDA:0,(anonymous_4)
FNDA:0,(anonymous_5)
FNDA:0,(anonymous_6)
FNDA:0,(anonymous_7)
FNDA:0,(anonymous_8)
FNDA:0,(anonymous_9)
FNDA:0,(anonymous_10)
FNDA:0,(anonymous_11)
FNDA:0,(anonymous_12)
FNDA:0,generateSettingsRecommendations
FNDA:0,analyzeSettingsImpact
FNDA:0,generateSettingsWarnings
FNDA:0,generateCustomerInsights
FNDA:0,(anonymous_17)
FNDA:0,(anonymous_18)
FNDA:0,(anonymous_19)
FNDA:0,(anonymous_20)
FNDA:0,(anonymous_21)
FNDA:0,generateImportRecommendations
FNDA:0,analyzeCSVImport
FNDA:0,generateAnalyticsInsights
FNDA:0,generateAnalyticsRecommendations
FNDA:0,generateBenchmarks
FNDA:0,calculateCustomerHealthScore
FNDA:0,calculateGrowthRate
FNDA:0,findMostEffectiveSource
FNDA:0,(anonymous_30)
FNDA:0,calculateAutomationLevel
FNDA:0,(anonymous_32)
FNDA:0,(anonymous_33)
FNDA:0,(anonymous_34)
DA:6,0
DA:7,0
DA:10,0
DA:95,0
DA:100,0
DA:103,0
DA:106,0
DA:108,0
DA:129,0
DA:134,0
DA:135,0
DA:137,0
DA:138,0
DA:142,0
DA:145,0
DA:147,0
DA:170,0
DA:175,0
DA:176,0
DA:179,0
DA:194,0
DA:197,0
DA:199,0
DA:219,0
DA:236,0
DA:241,0
DA:242,0
DA:244,0
DA:245,0
DA:248,0
DA:249,0
DA:253,0
DA:254,0
DA:255,0
DA:260,0
DA:263,0
DA:265,0
DA:295,0
DA:300,0
DA:301,0
DA:303,0
DA:304,0
DA:308,0
DA:309,0
DA:310,0
DA:314,0
DA:317,0
DA:319,0
DA:351,0
DA:356,0
DA:359,0
DA:361,0
DA:392,0
DA:397,0
DA:398,0
DA:400,0
DA:401,0
DA:405,0
DA:407,0
DA:429,0
DA:434,0
DA:435,0
DA:436,0
DA:439,0
DA:446,0
DA:469,0
DA:474,0
DA:475,0
DA:478,0
DA:480,0
DA:506,0
DA:511,0
DA:512,0
DA:514,0
DA:515,0
DA:518,0
DA:519,0
DA:523,0
DA:525,0
DA:553,0
DA:558,0
DA:559,0
DA:562,0
DA:564,0
DA:565,0
DA:568,0
DA:593,0
DA:598,0
DA:601,0
DA:604,0
DA:606,0
DA:624,0
DA:626,0
DA:627,0
DA:630,0
DA:631,0
DA:634,0
DA:635,0
DA:638,0
DA:642,0
DA:644,0
DA:645,0
DA:648,0
DA:649,0
DA:652,0
DA:653,0
DA:656,0
DA:657,0
DA:660,0
DA:664,0
DA:666,0
DA:667,0
DA:670,0
DA:671,0
DA:674,0
DA:678,0
DA:680,0
DA:681,0
DA:685,0
DA:686,0
DA:689,0
DA:696,0
DA:698,0
DA:699,0
DA:702,0
DA:703,0
DA:706,0
DA:707,0
DA:710,0
DA:714,0
DA:725,0
DA:749,0
DA:751,0
DA:752,0
DA:755,0
DA:756,0
DA:759,0
DA:760,0
DA:763,0
DA:764,0
DA:765,0
DA:768,0
DA:769,0
DA:772,0
DA:776,0
DA:794,0
DA:797,0
DA:799,0
DA:800,0
DA:803,0
DA:805,0
DA:806,0
DA:809,0
DA:811,0
DA:813,0
DA:814,0
DA:818,0
DA:820,0
DA:821,0
DA:823,0
DA:825,0
DA:829,0
DA:830,0
DA:832,0
DA:833,0
DA:834,0
DA:835,0
DA:839,0
DA:843,0
DA:844,0
DA:846,0
DA:848,0
DA:849,0
DA:850,0
DA:852,0
LF:175
LH:0
BRDA:100,0,0,0
BRDA:100,0,1,0
BRDA:134,1,0,0
BRDA:134,1,1,0
BRDA:137,2,0,0
BRDA:137,2,1,0
BRDA:175,3,0,0
BRDA:175,3,1,0
BRDA:187,4,0,0
BRDA:187,4,1,0
BRDA:188,5,0,0
BRDA:188,5,1,0
BRDA:188,6,0,0
BRDA:188,6,1,0
BRDA:189,7,0,0
BRDA:189,7,1,0
BRDA:190,8,0,0
BRDA:190,8,1,0
BRDA:241,9,0,0
BRDA:241,9,1,0
BRDA:242,10,0,0
BRDA:244,11,0,0
BRDA:244,11,1,0
BRDA:244,12,0,0
BRDA:244,12,1,0
BRDA:248,13,0,0
BRDA:248,13,1,0
BRDA:254,14,0,0
BRDA:254,14,1,0
BRDA:254,15,0,0
BRDA:254,15,1,0
BRDA:300,16,0,0
BRDA:300,16,1,0
BRDA:303,17,0,0
BRDA:303,17,1,0
BRDA:303,18,0,0
BRDA:303,18,1,0
BRDA:309,19,0,0
BRDA:309,19,1,0
BRDA:356,20,0,0
BRDA:356,20,1,0
BRDA:370,21,0,0
BRDA:370,21,1,0
BRDA:397,22,0,0
BRDA:397,22,1,0
BRDA:400,23,0,0
BRDA:400,23,1,0
BRDA:400,24,0,0
BRDA:400,24,1,0
BRDA:434,25,0,0
BRDA:434,25,1,0
BRDA:436,26,0,0
BRDA:436,26,1,0
BRDA:452,27,0,0
BRDA:452,27,1,0
BRDA:474,28,0,0
BRDA:474,28,1,0
BRDA:511,29,0,0
BRDA:511,29,1,0
BRDA:514,30,0,0
BRDA:514,30,1,0
BRDA:514,31,0,0
BRDA:514,31,1,0
BRDA:518,32,0,0
BRDA:518,32,1,0
BRDA:536,33,0,0
BRDA:536,33,1,0
BRDA:537,34,0,0
BRDA:537,34,1,0
BRDA:542,35,0,0
BRDA:542,35,1,0
BRDA:558,36,0,0
BRDA:558,36,1,0
BRDA:564,37,0,0
BRDA:564,37,1,0
BRDA:598,38,0,0
BRDA:598,38,1,0
BRDA:626,39,0,0
BRDA:626,39,1,0
BRDA:626,40,0,0
BRDA:626,40,1,0
BRDA:630,41,0,0
BRDA:630,41,1,0
BRDA:630,42,0,0
BRDA:630,42,1,0
BRDA:634,43,0,0
BRDA:634,43,1,0
BRDA:634,44,0,0
BRDA:634,44,1,0
BRDA:644,45,0,0
BRDA:644,45,1,0
BRDA:648,46,0,0
BRDA:648,46,1,0
BRDA:652,47,0,0
BRDA:652,47,1,0
BRDA:656,48,0,0
BRDA:656,48,1,0
BRDA:666,49,0,0
BRDA:666,49,1,0
BRDA:666,50,0,0
BRDA:666,50,1,0
BRDA:666,50,2,0
BRDA:670,51,0,0
BRDA:670,51,1,0
BRDA:670,52,0,0
BRDA:670,52,1,0
BRDA:698,53,0,0
BRDA:698,53,1,0
BRDA:702,54,0,0
BRDA:702,54,1,0
BRDA:706,55,0,0
BRDA:706,55,1,0
BRDA:718,56,0,0
BRDA:718,56,1,0
BRDA:719,57,0,0
BRDA:719,57,1,0
BRDA:720,58,0,0
BRDA:720,58,1,0
BRDA:728,59,0,0
BRDA:728,59,1,0
BRDA:730,60,0,0
BRDA:730,60,1,0
BRDA:734,61,0,0
BRDA:734,61,1,0
BRDA:735,62,0,0
BRDA:735,62,1,0
BRDA:737,63,0,0
BRDA:737,63,1,0
BRDA:751,64,0,0
BRDA:751,64,1,0
BRDA:755,65,0,0
BRDA:755,65,1,0
BRDA:755,66,0,0
BRDA:755,66,1,0
BRDA:759,67,0,0
BRDA:759,67,1,0
BRDA:764,68,0,0
BRDA:764,68,1,0
BRDA:764,69,0,0
BRDA:764,69,1,0
BRDA:768,70,0,0
BRDA:768,70,1,0
BRDA:783,71,0,0
BRDA:783,71,1,0
BRDA:785,72,0,0
BRDA:785,72,1,0
BRDA:787,73,0,0
BRDA:787,73,1,0
BRDA:797,74,0,0
BRDA:797,74,1,0
BRDA:799,75,0,0
BRDA:799,75,1,0
BRDA:800,76,0,0
BRDA:800,76,1,0
BRDA:803,77,0,0
BRDA:803,77,1,0
BRDA:805,78,0,0
BRDA:805,78,1,0
BRDA:806,79,0,0
BRDA:806,79,1,0
BRDA:809,80,0,0
BRDA:809,80,1,0
BRDA:811,81,0,0
BRDA:811,81,1,0
BRDA:813,82,0,0
BRDA:813,82,1,0
BRDA:813,83,0,0
BRDA:813,83,1,0
BRDA:818,84,0,0
BRDA:818,84,1,0
BRDA:823,85,0,0
BRDA:823,85,1,0
BRDA:823,86,0,0
BRDA:823,86,1,0
BRDA:833,87,0,0
BRDA:833,87,1,0
BRDA:846,88,0,0
BRDA:846,88,1,0
BRF:178
BRH:0
end_of_record
TN:
SF:src\controllers\invitation.controller.ts
FN:33,(anonymous_0)
FN:73,(anonymous_1)
FN:113,(anonymous_2)
FN:154,(anonymous_3)
FN:199,(anonymous_4)
FN:237,(anonymous_5)
FNF:6
FNH:0
FNDA:0,(anonymous_0)
FNDA:0,(anonymous_1)
FNDA:0,(anonymous_2)
FNDA:0,(anonymous_3)
FNDA:0,(anonymous_4)
FNDA:0,(anonymous_5)
DA:7,0
DA:8,0
DA:11,0
DA:33,0
DA:39,0
DA:40,0
DA:41,0
DA:45,0
DA:48,0
DA:51,0
DA:73,0
DA:79,0
DA:80,0
DA:81,0
DA:85,0
DA:88,0
DA:91,0
DA:113,0
DA:119,0
DA:120,0
DA:121,0
DA:125,0
DA:128,0
DA:131,0
DA:154,0
DA:160,0
DA:161,0
DA:162,0
DA:166,0
DA:167,0
DA:170,0
DA:173,0
DA:176,0
DA:199,0
DA:208,0
DA:209,0
DA:210,0
DA:214,0
DA:217,0
DA:220,0
DA:237,0
DA:242,0
DA:245,0
DA:247,0
DA:248,0
DA:252,0
LF:46
LH:0
BRDA:40,0,0,0
BRDA:40,0,1,0
BRDA:80,1,0,0
BRDA:80,1,1,0
BRDA:120,2,0,0
BRDA:120,2,1,0
BRDA:161,3,0,0
BRDA:161,3,1,0
BRDA:173,4,0,0
BRDA:173,4,1,0
BRDA:209,5,0,0
BRDA:209,5,1,0
BRDA:247,6,0,0
BRDA:247,6,1,0
BRF:14
BRH:0
end_of_record
TN:
SF:src\controllers\manufacturer.controller.ts
FN:85,(anonymous_0)
FN:130,(anonymous_1)
FN:171,(anonymous_2)
FN:204,(anonymous_3)
FN:235,(anonymous_4)
FN:251,(anonymous_5)
FN:252,(anonymous_6)
FN:253,(anonymous_7)
FN:255,(anonymous_8)
FN:282,(anonymous_9)
FN:323,(anonymous_10)
FN:356,(anonymous_11)
FN:392,(anonymous_12)
FN:428,(anonymous_13)
FN:477,(anonymous_14)
FN:499,(anonymous_15)
FN:508,(anonymous_16)
FN:556,(anonymous_17)
FN:588,(anonymous_18)
FN:628,(anonymous_19)
FN:656,(anonymous_20)
FN:697,generateLoginRecommendations
FN:715,generateProfileImprovements
FN:737,generateProfileRecommendations
FN:751,generateNextActions
FN:771,generateConnectionInsights
FN:785,generateConnectionNextSteps
FN:816,generateConnectionRecommendations
FN:827,estimateCompletionTime
FN:834,calculateDataPoints
FN:843,generateAnalyticsInsights
FN:857,generateQuickActions
FN:885,generateDashboardInsights
FN:899,getPlanRankingBoost
FN:905,isPlanPromoted
FN:911,generateSearchSuggestions
FNF:36
FNH:0
FNDA:0,(anonymous_0)
FNDA:0,(anonymous_1)
FNDA:0,(anonymous_2)
FNDA:0,(anonymous_3)
FNDA:0,(anonymous_4)
FNDA:0,(anonymous_5)
FNDA:0,(anonymous_6)
FNDA:0,(anonymous_7)
FNDA:0,(anonymous_8)
FNDA:0,(anonymous_9)
FNDA:0,(anonymous_10)
FNDA:0,(anonymous_11)
FNDA:0,(anonymous_12)
FNDA:0,(anonymous_13)
FNDA:0,(anonymous_14)
FNDA:0,(anonymous_15)
FNDA:0,(anonymous_16)
FNDA:0,(anonymous_17)
FNDA:0,(anonymous_18)
FNDA:0,(anonymous_19)
FNDA:0,(anonymous_20)
FNDA:0,generateLoginRecommendations
FNDA:0,generateProfileImprovements
FNDA:0,generateProfileRecommendations
FNDA:0,generateNextActions
FNDA:0,generateConnectionInsights
FNDA:0,generateConnectionNextSteps
FNDA:0,generateConnectionRecommendations
FNDA:0,estimateCompletionTime
FNDA:0,calculateDataPoints
FNDA:0,generateAnalyticsInsights
FNDA:0,generateQuickActions
FNDA:0,generateDashboardInsights
FNDA:0,getPlanRankingBoost
FNDA:0,isPlanPromoted
FNDA:0,generateSearchSuggestions
DA:7,0
DA:8,0
DA:11,0
DA:85,0
DA:91,0
DA:94,0
DA:97,0
DA:98,0
DA:106,0
DA:130,0
DA:136,0
DA:139,0
DA:142,0
DA:143,0
DA:151,0
DA:171,0
DA:176,0
DA:177,0
DA:178,0
DA:181,0
DA:184,0
DA:186,0
DA:204,0
DA:209,0
DA:210,0
DA:211,0
DA:215,0
DA:217,0
DA:235,0
DA:240,0
DA:241,0
DA:242,0
DA:246,0
DA:249,0
DA:251,0
DA:252,0
DA:253,0
DA:255,0
DA:258,0
DA:282,0
DA:287,0
DA:288,0
DA:289,0
DA:292,0
DA:293,0
DA:297,0
DA:298,0
DA:300,0
DA:303,0
DA:323,0
DA:328,0
DA:329,0
DA:330,0
DA:333,0
DA:336,0
DA:338,0
DA:356,0
DA:361,0
DA:362,0
DA:363,0
DA:366,0
DA:367,0
DA:368,0
DA:372,0
DA:374,0
DA:392,0
DA:397,0
DA:398,0
DA:399,0
DA:402,0
DA:403,0
DA:404,0
DA:408,0
DA:410,0
DA:428,0
DA:433,0
DA:434,0
DA:435,0
DA:438,0
DA:439,0
DA:442,0
DA:450,0
DA:452,0
DA:477,0
DA:491,0
DA:494,0
DA:499,0
DA:505,0
DA:508,0
DA:517,0
DA:556,0
DA:561,0
DA:562,0
DA:563,0
DA:567,0
DA:569,0
DA:588,0
DA:593,0
DA:594,0
DA:595,0
DA:599,0
DA:602,0
DA:603,0
DA:610,0
DA:628,0
DA:634,0
DA:640,0
DA:656,0
DA:661,0
DA:663,0
DA:664,0
DA:667,0
DA:669,0
DA:672,0
DA:674,0
DA:685,0
DA:698,0
DA:700,0
DA:701,0
DA:704,0
DA:705,0
DA:708,0
DA:709,0
DA:712,0
DA:716,0
DA:718,0
DA:719,0
DA:722,0
DA:723,0
DA:726,0
DA:727,0
DA:730,0
DA:731,0
DA:734,0
DA:738,0
DA:740,0
DA:741,0
DA:742,0
DA:743,0
DA:745,0
DA:748,0
DA:752,0
DA:754,0
DA:755,0
DA:758,0
DA:759,0
DA:762,0
DA:763,0
DA:766,0
DA:768,0
DA:772,0
DA:774,0
DA:775,0
DA:776,0
DA:777,0
DA:779,0
DA:782,0
DA:786,0
DA:788,0
DA:794,0
DA:800,0
DA:806,0
DA:812,0
DA:817,0
DA:819,0
DA:820,0
DA:821,0
DA:824,0
DA:828,0
DA:829,0
DA:830,0
DA:831,0
DA:835,0
DA:837,0
DA:838,0
DA:840,0
DA:844,0
DA:846,0
DA:847,0
DA:850,0
DA:851,0
DA:854,0
DA:858,0
DA:860,0
DA:861,0
DA:868,0
DA:869,0
DA:876,0
DA:882,0
DA:886,0
DA:888,0
DA:889,0
DA:892,0
DA:893,0
DA:896,0
DA:900,0
DA:901,0
DA:902,0
DA:906,0
DA:907,0
DA:908,0
DA:912,0
DA:914,0
DA:915,0
DA:916,0
DA:917,0
DA:918,0
DA:919,0
DA:922,0
LF:209
LH:0
BRDA:101,0,0,0
BRDA:101,0,1,0
BRDA:146,1,0,0
BRDA:146,1,1,0
BRDA:177,2,0,0
BRDA:177,2,1,0
BRDA:210,3,0,0
BRDA:210,3,1,0
BRDA:241,4,0,0
BRDA:241,4,1,0
BRDA:254,5,0,0
BRDA:254,5,1,0
BRDA:288,6,0,0
BRDA:288,6,1,0
BRDA:297,7,0,0
BRDA:297,7,1,0
BRDA:309,8,0,0
BRDA:309,8,1,0
BRDA:329,9,0,0
BRDA:329,9,1,0
BRDA:362,10,0,0
BRDA:362,10,1,0
BRDA:367,11,0,0
BRDA:367,11,1,0
BRDA:398,12,0,0
BRDA:398,12,1,0
BRDA:403,13,0,0
BRDA:403,13,1,0
BRDA:415,14,0,0
BRDA:415,14,1,0
BRDA:416,15,0,0
BRDA:416,15,1,0
BRDA:434,16,0,0
BRDA:434,16,1,0
BRDA:444,17,0,0
BRDA:444,17,1,0
BRDA:450,18,0,0
BRDA:450,18,1,0
BRDA:455,19,0,0
BRDA:455,19,1,0
BRDA:461,20,0,0
BRDA:461,20,1,0
BRDA:462,21,0,0
BRDA:462,21,1,0
BRDA:483,22,0,0
BRDA:489,23,0,0
BRDA:490,24,0,0
BRDA:496,25,0,0
BRDA:496,25,1,0
BRDA:496,26,0,0
BRDA:496,26,1,0
BRDA:497,27,0,0
BRDA:497,27,1,0
BRDA:498,28,0,0
BRDA:498,28,1,0
BRDA:499,29,0,0
BRDA:499,29,1,0
BRDA:511,30,0,0
BRDA:511,30,1,0
BRDA:562,31,0,0
BRDA:562,31,1,0
BRDA:594,32,0,0
BRDA:594,32,1,0
BRDA:606,33,0,0
BRDA:606,33,1,0
BRDA:637,34,0,0
BRDA:637,34,1,0
BRDA:661,35,0,0
BRDA:661,35,1,0
BRDA:663,36,0,0
BRDA:663,36,1,0
BRDA:700,37,0,0
BRDA:700,37,1,0
BRDA:704,38,0,0
BRDA:704,38,1,0
BRDA:708,39,0,0
BRDA:708,39,1,0
BRDA:718,40,0,0
BRDA:718,40,1,0
BRDA:718,41,0,0
BRDA:718,41,1,0
BRDA:722,42,0,0
BRDA:722,42,1,0
BRDA:722,43,0,0
BRDA:722,43,1,0
BRDA:726,44,0,0
BRDA:726,44,1,0
BRDA:730,45,0,0
BRDA:730,45,1,0
BRDA:740,46,0,0
BRDA:740,46,1,0
BRDA:742,47,0,0
BRDA:742,47,1,0
BRDA:754,48,0,0
BRDA:754,48,1,0
BRDA:758,49,0,0
BRDA:758,49,1,0
BRDA:762,50,0,0
BRDA:762,50,1,0
BRDA:774,51,0,0
BRDA:774,51,1,0
BRDA:776,52,0,0
BRDA:776,52,1,0
BRDA:786,53,0,0
BRDA:786,53,1,0
BRDA:786,53,2,0
BRDA:786,53,3,0
BRDA:786,53,4,0
BRDA:819,54,0,0
BRDA:819,54,1,0
BRDA:828,55,0,0
BRDA:828,55,1,0
BRDA:829,56,0,0
BRDA:829,56,1,0
BRDA:830,57,0,0
BRDA:830,57,1,0
BRDA:837,58,0,0
BRDA:837,58,1,0
BRDA:838,59,0,0
BRDA:838,59,1,0
BRDA:846,60,0,0
BRDA:846,60,1,0
BRDA:850,61,0,0
BRDA:850,61,1,0
BRDA:860,62,0,0
BRDA:860,62,1,0
BRDA:868,63,0,0
BRDA:868,63,1,0
BRDA:888,64,0,0
BRDA:888,64,1,0
BRDA:892,65,0,0
BRDA:892,65,1,0
BRDA:902,66,0,0
BRDA:902,66,1,0
BRDA:908,67,0,0
BRDA:908,67,1,0
BRDA:914,68,0,0
BRDA:914,68,1,0
BRDA:917,69,0,0
BRDA:917,69,1,0
BRF:140
BRH:0
end_of_record
TN:
SF:src\controllers\manufacturerAccount.controller.ts
FN:72,(anonymous_0)
FN:109,(anonymous_1)
FN:135,(anonymous_2)
FN:156,(anonymous_3)
FN:199,(anonymous_4)
FN:253,(anonymous_5)
FN:286,(anonymous_6)
FN:330,(anonymous_7)
FN:396,(anonymous_8)
FN:431,(anonymous_9)
FN:469,(anonymous_10)
FN:503,(anonymous_11)
FN:540,(anonymous_12)
FN:573,(anonymous_13)
FN:602,(anonymous_14)
FN:635,(anonymous_15)
FN:664,(anonymous_16)
FN:697,(anonymous_17)
FN:731,(anonymous_18)
FN:760,(anonymous_19)
FN:793,(anonymous_20)
FN:815,(anonymous_21)
FN:816,(anonymous_22)
FN:840,(anonymous_23)
FNF:24
FNH:0
FNDA:0,(anonymous_0)
FNDA:0,(anonymous_1)
FNDA:0,(anonymous_2)
FNDA:0,(anonymous_3)
FNDA:0,(anonymous_4)
FNDA:0,(anonymous_5)
FNDA:0,(anonymous_6)
FNDA:0,(anonymous_7)
FNDA:0,(anonymous_8)
FNDA:0,(anonymous_9)
FNDA:0,(anonymous_10)
FNDA:0,(anonymous_11)
FNDA:0,(anonymous_12)
FNDA:0,(anonymous_13)
FNDA:0,(anonymous_14)
FNDA:0,(anonymous_15)
FNDA:0,(anonymous_16)
FNDA:0,(anonymous_17)
FNDA:0,(anonymous_18)
FNDA:0,(anonymous_19)
FNDA:0,(anonymous_20)
FNDA:0,(anonymous_21)
FNDA:0,(anonymous_22)
FNDA:0,(anonymous_23)
DA:7,0
DA:8,0
DA:11,0
DA:72,0
DA:78,0
DA:79,0
DA:80,0
DA:84,0
DA:86,0
DA:87,0
DA:91,0
DA:109,0
DA:115,0
DA:116,0
DA:117,0
DA:121,0
DA:124,0
DA:125,0
DA:129,0
DA:135,0
DA:138,0
DA:156,0
DA:162,0
DA:163,0
DA:164,0
DA:168,0
DA:171,0
DA:178,0
DA:199,0
DA:205,0
DA:206,0
DA:207,0
DA:211,0
DA:212,0
DA:216,0
DA:217,0
DA:218,0
DA:222,0
DA:225,0
DA:253,0
DA:259,0
DA:260,0
DA:261,0
DA:265,0
DA:268,0
DA:286,0
DA:292,0
DA:293,0
DA:294,0
DA:298,0
DA:299,0
DA:303,0
DA:309,0
DA:330,0
DA:344,0
DA:345,0
DA:346,0
DA:350,0
DA:351,0
DA:352,0
DA:353,0
DA:354,0
DA:357,0
DA:366,0
DA:396,0
DA:401,0
DA:402,0
DA:403,0
DA:406,0
DA:409,0
DA:414,0
DA:431,0
DA:437,0
DA:438,0
DA:439,0
DA:443,0
DA:446,0
DA:469,0
DA:474,0
DA:475,0
DA:476,0
DA:479,0
DA:481,0
DA:486,0
DA:503,0
DA:508,0
DA:509,0
DA:510,0
DA:513,0
DA:515,0
DA:516,0
DA:521,0
DA:524,0
DA:540,0
DA:545,0
DA:546,0
DA:547,0
DA:550,0
DA:552,0
DA:557,0
DA:573,0
DA:578,0
DA:579,0
DA:580,0
DA:583,0
DA:585,0
DA:602,0
DA:607,0
DA:608,0
DA:609,0
DA:612,0
DA:614,0
DA:619,0
DA:635,0
DA:640,0
DA:641,0
DA:642,0
DA:645,0
DA:647,0
DA:664,0
DA:669,0
DA:670,0
DA:671,0
DA:674,0
DA:676,0
DA:681,0
DA:697,0
DA:702,0
DA:703,0
DA:704,0
DA:707,0
DA:709,0
DA:714,0
DA:731,0
DA:736,0
[...]
DA:26,0
DA:27,0
DA:29,0
DA:37,0
DA:38,0
DA:44,0
LF:11
LH:0
BRDA:26,0,0,0
BRDA:26,0,1,0
BRDA:26,1,0,0
BRDA:26,1,1,0
BRF:4
BRH:0
end_of_record
TN:
SF:src\utils\type-helpers.ts
FN:17,getRequestProps
FN:45,(anonymous_1)
FN:46,(anonymous_2)
FN:47,(anonymous_3)
FN:68,getMulterFile
FN:96,getValidatedBody
FN:106,getValidatedQuery
FN:116,getValidatedParams
FNF:8
FNH:0
FNDA:0,getRequestProps
FNDA:0,(anonymous_1)
FNDA:0,(anonymous_2)
FNDA:0,(anonymous_3)
FNDA:0,getMulterFile
FNDA:0,getValidatedBody
FNDA:0,getValidatedQuery
FNDA:0,getValidatedParams
DA:3,0
DA:17,0
DA:18,0
DA:36,0
DA:45,0
DA:46,0
DA:47,0
DA:68,0
DA:69,0
DA:70,0
DA:73,0
DA:76,0
DA:87,0
DA:90,0
DA:96,0
DA:97,0
DA:98,0
DA:100,0
DA:106,0
DA:107,0
DA:108,0
DA:110,0
DA:116,0
DA:117,0
DA:118,0
DA:120,0
LF:26
LH:0
BRDA:28,0,0,0
BRDA:28,0,1,0
BRDA:29,1,0,0
BRDA:29,1,1,0
BRDA:46,2,0,0
BRDA:46,2,1,0
BRDA:47,3,0,0
BRDA:47,3,1,0
BRDA:69,4,0,0
BRDA:69,4,1,0
BRDA:69,5,0,0
BRDA:69,5,1,0
BRDA:76,6,0,0
BRDA:76,6,1,0
BRDA:77,7,0,0
BRDA:77,7,1,0
BRDA:77,7,2,0
BRDA:77,7,3,0
BRDA:77,7,4,0
BRDA:77,7,5,0
BRDA:77,7,6,0
BRDA:77,7,7,0
BRDA:77,7,8,0
BRDA:97,8,0,0
BRDA:97,8,1,0
BRDA:97,9,0,0
BRDA:97,9,1,0
BRDA:107,10,0,0
BRDA:107,10,1,0
BRDA:107,11,0,0
BRDA:107,11,1,0
BRDA:117,12,0,0
BRDA:117,12,1,0
BRDA:117,13,0,0
BRDA:117,13,1,0
BRF:35
BRH:0
end_of_record
TN:
SF:src\utils\typeGuards.ts
FN:14,isUnifiedAuthRequest
FN:21,hasValidatedBody
FN:28,hasValidatedQuery
FN:35,hasValidatedParams
FN:42,hasTenantContext
FN:49,hasUserId
FN:56,hasPerformanceTracking
FN:65,hasErrorMessage
FN:72,isOperationalError
FN:79,hasStatusCode
FN:88,isObjectId
FN:95,isEmail
FN:102,isUrl
FN:113,isDateString
FN:122,isStringArray
FN:123,(anonymous_15)
FN:129,isNumberArray
FN:130,(anonymous_17)
FN:136,isObjectArray
FN:137,(anonymous_19)
FN:145,hasMongoDocumentProperties
FN:152,hasCreatedAt
FN:159,hasUpdatedAt
FN:168,getRequestBody
FN:175,getRequestQuery
FN:182,getRequestParams
FN:189,getRequestHeaders
FN:196,getRequestIp
FN:203,getRequestHostname
FN:210,getRequestPath
FN:217,getRequestUrl
FN:226,isApiKeyObject
FN:234,hasPriority
FN:241,hasViewCount
FN:248,hasShopifyAccessToken
FN:255,hasSupplyChainSettings
FN:264,safeGet
FN:285,safeArrayAccess
FN:295,safeString
FN:308,safeNumber
FN:324,safeBoolean
FNF:41
FNH:0
FNDA:0,isUnifiedAuthRequest
FNDA:0,hasValidatedBody
FNDA:0,hasValidatedQuery
FNDA:0,hasValidatedParams
FNDA:0,hasTenantContext
FNDA:0,hasUserId
FNDA:0,hasPerformanceTracking
FNDA:0,hasErrorMessage
FNDA:0,isOperationalError
FNDA:0,hasStatusCode
FNDA:0,isObjectId
FNDA:0,isEmail
FNDA:0,isUrl
FNDA:0,isDateString
FNDA:0,isStringArray
FNDA:0,(anonymous_15)
FNDA:0,isNumberArray
FNDA:0,(anonymous_17)
FNDA:0,isObjectArray
FNDA:0,(anonymous_19)
FNDA:0,hasMongoDocumentProperties
FNDA:0,hasCreatedAt
FNDA:0,hasUpdatedAt
FNDA:0,getRequestBody
FNDA:0,getRequestQuery
FNDA:0,getRequestParams
FNDA:0,getRequestHeaders
FNDA:0,getRequestIp
FNDA:0,getRequestHostname
FNDA:0,getRequestPath
FNDA:0,getRequestUrl
FNDA:0,isApiKeyObject
FNDA:0,hasPriority
FNDA:0,hasViewCount
FNDA:0,hasShopifyAccessToken
FNDA:0,hasSupplyChainSettings
FNDA:0,safeGet
FNDA:0,safeArrayAccess
FNDA:0,safeString
FNDA:0,safeNumber
FNDA:0,safeBoolean
DA:14,1
DA:15,0
DA:21,1
DA:22,0
DA:28,1
DA:29,0
DA:35,1
DA:36,0
DA:42,1
DA:43,0
DA:49,1
DA:50,0
DA:56,1
DA:57,0
DA:65,1
DA:66,0
DA:72,1
DA:73,0
DA:79,1
DA:80,0
DA:88,1
DA:89,0
DA:95,1
DA:96,0
DA:102,1
DA:103,0
DA:104,0
DA:106,0
DA:113,1
DA:114,0
DA:122,1
DA:123,0
DA:129,1
DA:130,0
DA:136,1
DA:137,0
DA:145,1
DA:146,0
DA:152,1
DA:153,0
DA:159,1
DA:160,0
DA:168,1
DA:169,0
DA:175,1
DA:176,0
DA:182,1
DA:183,0
DA:189,1
DA:190,0
DA:196,1
DA:197,0
DA:203,1
DA:204,0
DA:210,1
DA:211,0
DA:217,1
DA:218,0
DA:226,1
DA:227,0
DA:234,1
DA:235,0
DA:241,1
DA:242,0
DA:248,1
DA:249,0
DA:255,1
DA:256,0
DA:264,1
DA:265,0
DA:266,0
DA:269,0
DA:270,0
DA:272,0
DA:273,0
DA:274,0
DA:276,0
DA:279,0
DA:285,1
DA:286,0
DA:287,0
DA:289,0
DA:295,1
DA:296,0
DA:297,0
DA:299,0
DA:300,0
DA:302,0
DA:308,1
DA:309,0
DA:310,0
DA:312,0
DA:313,0
DA:314,0
DA:315,0
DA:318,0
DA:324,1
DA:325,0
DA:326,0
DA:328,0
DA:329,0
DA:331,0
DA:332,0
DA:334,0
LF:104
LH:38
BRDA:15,0,0,0
BRDA:15,0,1,0
BRDA:43,1,0,0
BRDA:43,1,1,0
BRDA:43,1,2,0
BRDA:43,1,3,0
BRDA:43,1,4,0
BRDA:50,2,0,0
BRDA:50,2,1,0
BRDA:66,3,0,0
BRDA:66,3,1,0
BRDA:66,3,2,0
BRDA:73,4,0,0
BRDA:73,4,1,0
BRDA:73,4,2,0
BRDA:80,5,0,0
BRDA:80,5,1,0
BRDA:80,5,2,0
BRDA:89,6,0,0
BRDA:89,6,1,0
BRDA:96,7,0,0
BRDA:96,7,1,0
BRDA:104,8,0,0
BRDA:104,8,1,0
BRDA:114,9,0,0
BRDA:114,9,1,0
BRDA:123,10,0,0
BRDA:123,10,1,0
BRDA:130,11,0,0
BRDA:130,11,1,0
BRDA:137,12,0,0
BRDA:137,12,1,0
BRDA:137,13,0,0
BRDA:137,13,1,0
BRDA:146,14,0,0
BRDA:146,14,1,0
BRDA:146,14,2,0
BRDA:153,15,0,0
BRDA:153,15,1,0
BRDA:153,15,2,0
BRDA:160,16,0,0
BRDA:160,16,1,0
BRDA:160,16,2,0
BRDA:169,17,0,0
BRDA:169,17,1,0
BRDA:176,18,0,0
BRDA:176,18,1,0
BRDA:183,19,0,0
BRDA:183,19,1,0
BRDA:190,20,0,0
BRDA:190,20,1,0
BRDA:197,21,0,0
BRDA:197,21,1,0
BRDA:204,22,0,0
BRDA:204,22,1,0
BRDA:211,23,0,0
BRDA:211,23,1,0
BRDA:218,24,0,0
BRDA:218,24,1,0
BRDA:227,25,0,0
BRDA:227,25,1,0
BRDA:227,25,2,0
BRDA:227,25,3,0
BRDA:227,25,4,0
BRDA:235,26,0,0
BRDA:235,26,1,0
BRDA:235,26,2,0
BRDA:242,27,0,0
BRDA:242,27,1,0
BRDA:242,27,2,0
BRDA:249,28,0,0
BRDA:249,28,1,0
BRDA:249,28,2,0
BRDA:256,29,0,0
BRDA:256,29,1,0
BRDA:256,29,2,0
BRDA:265,30,0,0
BRDA:265,30,1,0
BRDA:265,31,0,0
BRDA:265,31,1,0
BRDA:265,31,2,0
BRDA:273,32,0,0
BRDA:273,32,1,0
BRDA:273,33,0,0
BRDA:273,33,1,0
BRDA:273,33,2,0
BRDA:279,34,0,0
BRDA:279,34,1,0
BRDA:286,35,0,0
BRDA:286,35,1,0
BRDA:286,36,0,0
BRDA:286,36,1,0
BRDA:286,36,2,0
BRDA:295,37,0,0
BRDA:296,38,0,0
BRDA:296,38,1,0
BRDA:299,39,0,0
BRDA:299,39,1,0
BRDA:299,40,0,0
BRDA:299,40,1,0
BRDA:308,41,0,0
BRDA:309,42,0,0
BRDA:309,42,1,0
BRDA:309,43,0,0
BRDA:309,43,1,0
BRDA:312,44,0,0
BRDA:312,44,1,0
BRDA:314,45,0,0
BRDA:314,45,1,0
BRDA:324,46,0,0
BRDA:325,47,0,0
BRDA:325,47,1,0
BRDA:328,48,0,0
BRDA:328,48,1,0
BRDA:331,49,0,0
BRDA:331,49,1,0
BRF:116
BRH:0
end_of_record
TN:
SF:src\validation\auth.validation.ts
FN:29,(anonymous_1)
FN:46,(anonymous_2)
FN:61,(anonymous_3)
FN:77,(anonymous_4)
FN:82,(anonymous_5)
FN:129,(anonymous_6)
FN:142,(anonymous_7)
FN:145,(anonymous_8)
FN:265,(anonymous_9)
FN:277,(anonymous_10)
FNF:10
FNH:0
FNDA:0,(anonymous_1)
FNDA:0,(anonymous_2)
FNDA:0,(anonymous_3)
FNDA:0,(anonymous_4)
FNDA:0,(anonymous_5)
FNDA:0,(anonymous_6)
FNDA:0,(anonymous_7)
FNDA:0,(anonymous_8)
FNDA:0,(anonymous_9)
FNDA:0,(anonymous_10)
DA:2,0
DA:3,0
DA:10,0
DA:30,0
DA:31,0
DA:32,0
DA:34,0
DA:35,0
DA:37,0
DA:48,0
DA:49,0
DA:52,0
DA:54,0
DA:57,0
DA:63,0
DA:64,0
DA:65,0
DA:67,0
DA:79,0
DA:80,0
DA:82,0
DA:83,0
DA:87,0
DA:88,0
DA:91,0
DA:131,0
DA:132,0
DA:134,0
DA:144,0
DA:145,0
DA:146,0
DA:150,0
DA:151,0
DA:152,0
DA:153,0
DA:155,0
DA:158,0
DA:161,0
DA:213,0
DA:245,0
DA:263,0
DA:267,0
DA:268,0
DA:269,0
DA:272,0
DA:273,0
DA:279,0
DA:280,0
DA:281,0
DA:283,0
DA:316,0
DA:333,0
DA:353,0
DA:361,0
DA:379,0
DA:391,0
DA:398,0
DA:408,0
DA:421,0
DA:433,0
LF:60
LH:0
BRDA:31,0,0,0
BRDA:31,0,1,0
BRDA:34,1,0,0
BRDA:34,1,1,0
BRDA:52,2,0,0
BRDA:52,2,1,0
BRDA:64,3,0,0
BRDA:64,3,1,0
BRDA:64,4,0,0
BRDA:64,4,1,0
BRDA:82,5,0,0
BRDA:82,5,1,0
BRDA:87,6,0,0
BRDA:87,6,1,0
BRDA:131,7,0,0
BRDA:131,7,1,0
BRDA:131,8,0,0
BRDA:131,8,1,0
BRDA:145,9,0,0
BRDA:145,9,1,0
BRDA:155,10,0,0
BRDA:155,10,1,0
BRDA:155,11,0,0
BRDA:155,11,1,0
BRDA:155,11,2,0
BRDA:155,11,3,0
BRDA:155,11,4,0
BRDA:155,11,5,0
BRDA:280,12,0,0
BRDA:280,12,1,0
BRF:30
BRH:0
end_of_record
TN:
SF:src\validation\billing.validation.ts
FNF:0
FNH:0
DA:2,0
DA:7,0
DA:12,0
DA:26,0
DA:31,0
DA:64,0
DA:115,0
DA:184,0
DA:259,0
DA:284,0
LF:10
LH:0
BRF:0
BRH:0
end_of_record
TN:
SF:src\validation\brandAccount.validation.ts
FN:13,(anonymous_1)
FN:15,(anonymous_2)
FN:24,(anonymous_3)
FN:42,(anonymous_4)
FN:54,(anonymous_5)
FN:100,(anonymous_6)
FN:121,(anonymous_7)
FN:129,(anonymous_8)
FN:149,(anonymous_9)
FNF:9
FNH:0
FNDA:0,(anonymous_1)
FNDA:0,(anonymous_2)
FNDA:0,(anonymous_3)
FNDA:0,(anonymous_4)
FNDA:0,(anonymous_5)
FNDA:0,(anonymous_6)
FNDA:0,(anonymous_7)
FNDA:0,(anonymous_8)
FNDA:0,(anonymous_9)
DA:2,0
DA:3,0
DA:10,0
DA:14,0
DA:15,0
DA:16,0
DA:19,0
DA:24,0
DA:25,0
DA:28,0
DA:29,0
DA:32,0
DA:43,0
DA:44,0
DA:45,0
DA:48,0
DA:54,0
DA:55,0
DA:58,0
DA:101,0
DA:102,0
DA:104,0
DA:105,0
DA:106,0
DA:108,0
DA:109,0
DA:113,0
DA:122,0
DA:129,0
DA:130,0
DA:133,0
DA:134,0
DA:137,0
DA:150,0
DA:151,0
DA:157,0
DA:158,0
DA:161,0
DA:257,0
DA:300,0
DA:362,0
DA:407,0
DA:448,0
DA:455,0
DA:469,0
LF:45
LH:0
BRDA:28,0,0,0
BRDA:28,0,1,0
BRDA:28,1,0,0
BRDA:28,1,1,0
BRDA:44,2,0,0
BRDA:44,2,1,0
BRDA:54,3,0,0
BRDA:54,3,1,0
BRDA:104,4,0,0
BRDA:104,4,1,0
BRDA:108,5,0,0
BRDA:108,5,1,0
BRDA:133,6,0,0
BRDA:133,6,1,0
BRDA:157,7,0,0
BRDA:157,7,1,0
BRF:16
BRH:0
end_of_record
TN:
SF:src\validation\brandProfile.validation.ts
FNF:0
FNH:0
DA:2,0
DA:7,0
DA:20,0
DA:67,0
LF:4
LH:0
BRF:0
BRH:0
end_of_record
TN:
SF:src\validation\brandSettings.validation.ts
FN:14,(anonymous_1)
FN:39,(anonymous_2)
FN:42,(anonymous_3)
FN:53,(anonymous_4)
FN:73,(anonymous_5)
FN:75,(anonymous_6)
FN:100,(anonymous_7)
FN:112,(anonymous_8)
FN:125,(anonymous_9)
FN:147,(anonymous_10)
FN:164,(anonymous_11)
FN:181,(anonymous_12)
FN:191,(anonymous_13)
FN:325,(anonymous_14)
FN:456,(anonymous_15)
FN:569,(anonymous_16)
FNF:16
FNH:0
FNDA:0,(anonymous_1)
FNDA:0,(anonymous_2)
FNDA:0,(anonymous_3)
FNDA:0,(anonymous_4)
FNDA:0,(anonymous_5)
FNDA:0,(anonymous_6)
FNDA:0,(anonymous_7)
FNDA:0,(anonymous_8)
FNDA:0,(anonymous_9)
FNDA:0,(anonymous_10)
FNDA:0,(anonymous_11)
FNDA:0,(anonymous_12)
FNDA:0,(anonymous_13)
FNDA:0,(anonymous_14)
FNDA:0,(anonymous_15)
FNDA:0,(anonymous_16)
DA:2,0
DA:10,0
DA:16,0
DA:17,0
DA:18,0
DA:19,0
DA:20,0
DA:23,0
DA:25,0
DA:26,0
DA:29,0
DA:41,0
DA:42,0
DA:43,0
DA:47,0
DA:53,0
DA:54,0
DA:57,0
DA:58,0
DA:61,0
DA:74,0
DA:75,0
DA:76,0
DA:79,0
DA:80,0
DA:83,0
DA:102,0
DA:112,0
DA:113,0
DA:117,0
DA:118,0
DA:119,0
DA:123,0
DA:124,0
DA:125,0
DA:126,0
DA:131,0
DA:149,0
DA:158,0
DA:159,0
DA:163,0
DA:164,0
DA:165,0
DA:168,0
DA:183,0
DA:186,0
DA:191,0
DA:192,0
DA:196,0
DA:197,0
DA:200,0
DA:201,0
DA:204,0
DA:326,0
DA:329,0
DA:335,0
DA:336,0
DA:339,0
DA:458,0
DA:459,0
DA:461,0
DA:566,0
DA:570,0
DA:573,0
DA:579,0
DA:580,0
DA:583,0
DA:596,0
DA:615,0
DA:643,0
DA:667,0
DA:696,0
DA:721,0
LF:73
LH:0
BRDA:25,0,0,0
BRDA:25,0,1,0
BRDA:57,1,0,0
BRDA:57,1,1,0
BRDA:57,2,0,0
BRDA:57,2,1,0
BRDA:79,3,0,0
BRDA:79,3,1,0
BRDA:112,4,0,0
BRDA:112,4,1,0
BRDA:118,5,0,0
BRDA:118,5,1,0
BRDA:125,6,0,0
BRDA:125,6,1,0
BRDA:125,7,0,0
BRDA:125,7,1,0
BRDA:158,8,0,0
BRDA:158,8,1,0
BRDA:164,9,0,0
BRDA:164,9,1,0
BRDA:191,10,0,0
BRDA:191,10,1,0
BRDA:196,11,0,0
BRDA:196,11,1,0
BRDA:200,12,0,0
BRDA:200,12,1,0
BRDA:335,13,0,0
BRDA:335,13,1,0
BRDA:458,14,0,0
BRDA:458,14,1,0
BRDA:458,15,0,0
BRDA:458,15,1,0
BRDA:579,16,0,0
BRDA:579,16,1,0
BRF:34
BRH:0
end_of_record
TN:
SF:src\validation\certificate.validation.ts
FN:18,(anonymous_1)
FNF:1
FNH:0
FNDA:0,(anonymous_1)
DA:2,0
DA:7,0
DA:20,0
DA:21,0
DA:23,0
DA:24,0
DA:27,0
DA:55,0
DA:71,0
DA:84,0
DA:145,0
LF:11
LH:0
BRDA:23,0,0,0
BRDA:23,0,1,0
BRDA:23,1,0,0
BRDA:23,1,1,0
BRF:4
BRH:0
end_of_record
TN:
SF:src\validation\domainMapping.validation.ts
FN:10,(anonymous_1)
FN:26,(anonymous_2)
FNF:2
FNH:0
FNDA:0,(anonymous_1)
FNDA:0,(anonymous_2)
DA:2,0
DA:7,0
DA:12,0
DA:25,0
DA:26,0
DA:27,0
DA:30,0
DA:31,0
DA:35,0
DA:36,0
DA:37,0
DA:41,0
DA:42,0
DA:43,0
DA:46,0
DA:89,0
DA:102,0
DA:156,0
DA:188,0
DA:243,0
LF:20
LH:0
BRDA:30,0,0,0
BRDA:30,0,1,0
BRDA:36,1,0,0
BRDA:36,1,1,0
BRDA:42,2,0,0
BRDA:42,2,1,0
BRDA:42,3,0,0
BRDA:42,3,1,0
BRF:8
BRH:0
end_of_record
TN:
SF:src\validation\emailGating.validation.ts
FNF:0
FNH:0
DA:2,0
DA:4,0
DA:15,0
DA:29,0
DA:33,0
DA:47,0
DA:54,0
DA:60,0
LF:8
LH:0
BRF:0
BRH:0
end_of_record
TN:
SF:src\validation\invitation.validation.ts
FNF:0
FNH:0
DA:2,0
DA:7,0
DA:83,0
DA:126,0
DA:187,0
DA:200,0
DA:271,0
LF:7
LH:0
BRF:0
BRH:0
end_of_record
TN:
SF:src\validation\manufacturer.validation.ts
FN:23,(anonymous_1)
FNF:1
FNH:0
FNDA:0,(anonymous_1)
DA:2,0
DA:7,0
DA:25,0
DA:30,0
DA:32,0
DA:33,0
DA:36,0
DA:147,0
DA:167,0
DA:207,0
DA:287,0
DA:371,0
DA:384,0
DA:405,0
DA:433,0
DA:530,0
LF:16
LH:0
BRDA:32,0,0,0
BRDA:32,0,1,0
BRF:2
BRH:0
end_of_record
TN:
SF:src\validation\manufacturerAccount.validation.ts
FN:13,(anonymous_1)
FN:16,(anonymous_2)
FN:26,(anonymous_3)
FN:45,(anonymous_4)
FN:59,(anonymous_5)
FN:75,(anonymous_6)
FN:95,(anonymous_7)
FN:124,(anonymous_8)
FN:152,(anonymous_9)
FN:209,(anonymous_10)
FN:224,(anonymous_11)
FN:240,(anonymous_12)
FN:249,(anonymous_13)
FN:277,(anonymous_14)
FN:327,(anonymous_15)
FN:337,(anonymous_16)
FNF:16
FNH:0
FNDA:0,(anonymous_1)
FNDA:0,(anonymous_2)
FNDA:0,(anonymous_3)
FNDA:0,(anonymous_4)
FNDA:0,(anonymous_5)
FNDA:0,(anonymous_6)
FNDA:0,(anonymous_7)
FNDA:0,(anonymous_8)
FNDA:0,(anonymous_9)
FNDA:0,(anonymous_10)
FNDA:0,(anonymous_11)
FNDA:0,(anonymous_12)
FNDA:0,(anonymous_13)
FNDA:0,(anonymous_14)
FNDA:0,(anonymous_15)
FNDA:0,(anonymous_16)
DA:2,0
DA:3,0
DA:10,0
DA:15,0
DA:16,0
DA:17,0
DA:21,0
DA:26,0
DA:27,0
DA:30,0
DA:31,0
DA:34,0
DA:47,0
DA:48,0
DA:49,0
DA:53,0
DA:59,0
DA:60,0
DA:63,0
DA:64,0
DA:68,0
DA:75,0
DA:76,0
DA:79,0
DA:97,0
DA:124,0
DA:125,0
DA:129,0
DA:131,0
DA:134,0
DA:154,0
DA:155,0
DA:156,0
DA:157,0
DA:160,0
DA:211,0
DA:216,0
DA:218,0
DA:219,0
DA:223,0
DA:224,0
DA:225,0
DA:228,0
DA:229,0
DA:232,0
DA:242,0
DA:249,0
DA:250,0
DA:253,0
DA:254,0
DA:257,0
DA:278,0
DA:279,0
DA:281,0
DA:282,0
DA:285,0
DA:286,0
DA:289,0
DA:329,0
DA:337,0
DA:338,0
DA:342,0
DA:343,0
DA:346,0
DA:445,0
DA:453,0
DA:486,0
DA:514,0
LF:68
LH:0
BRDA:30,0,0,0
BRDA:30,0,1,0
BRDA:30,1,0,0
BRDA:30,1,1,0
BRDA:48,2,0,0
BRDA:48,2,1,0
BRDA:63,3,0,0
BRDA:63,3,1,0
BRDA:75,4,0,0
BRDA:75,4,1,0
BRDA:125,5,0,0
BRDA:125,5,1,0
BRDA:129,6,0,0
BRDA:129,6,1,0
BRDA:154,7,0,0
BRDA:154,7,1,0
BRDA:156,8,0,0
BRDA:156,8,1,0
BRDA:218,9,0,0
BRDA:218,9,1,0
BRDA:225,10,0,0
BRDA:225,10,1,0
BRDA:228,11,0,0
BRDA:228,11,1,0
BRDA:253,12,0,0
BRDA:253,12,1,0
BRDA:281,13,0,0
BRDA:281,13,1,0
BRDA:285,14,0,0
BRDA:285,14,1,0
BRDA:338,15,0,0
BRDA:338,15,1,0
BRDA:342,16,0,0
BRDA:342,16,1,0
BRF:34
BRH:0
end_of_record
TN:
SF:src\validation\manufacturerProfile.validation.ts
FNF:0
FNH:0
DA:2,0
DA:7,0
DA:28,0
DA:154,0
DA:235,0
LF:5
LH:0
BRF:0
BRH:0
end_of_record
TN:
SF:src\validation\media.validation.ts
FNF:0
FNH:0
DA:2,0
DA:7,0
DA:82,0
DA:194,0
DA:214,0
DA:276,0
DA:299,0
LF:7
LH:0
BRF:0
BRH:0
end_of_record
TN:
SF:src\validation\nfts.validation.ts
FN:17,(anonymous_1)
FN:20,(anonymous_2)
FN:45,(anonymous_3)
FN:68,(anonymous_4)
FN:71,(anonymous_5)
FN:91,(anonymous_6)
FN:113,(anonymous_7)
FN:142,(anonymous_8)
FN:193,(anonymous_9)
FN:201,(anonymous_10)
FN:251,(anonymous_11)
FN:254,(anonymous_12)
FN:352,(anonymous_13)
FN:397,(anonymous_14)
FNF:14
FNH:0
FNDA:0,(anonymous_1)
FNDA:0,(anonymous_2)
FNDA:0,(anonymous_3)
FNDA:0,(anonymous_4)
FNDA:0,(anonymous_5)
FNDA:0,(anonymous_6)
FNDA:0,(anonymous_7)
FNDA:0,(anonymous_8)
FNDA:0,(anonymous_9)
FNDA:0,(anonymous_10)
FNDA:0,(anonymous_11)
FNDA:0,(anonymous_12)
FNDA:0,(anonymous_13)
FNDA:0,(anonymous_14)
DA:2,0
DA:3,0
DA:10,0
DA:19,0
DA:20,0
DA:21,0
DA:25,0
DA:26,0
DA:29,0
DA:47,0
DA:48,0
DA:49,0
DA:53,0
DA:54,0
DA:57,0
DA:70,0
DA:71,0
DA:72,0
DA:75,0
DA:76,0
DA:80,0
DA:81,0
DA:85,0
DA:90,0
DA:91,0
DA:92,0
DA:95,0
DA:96,0
DA:100,0
DA:115,0
DA:116,0
DA:119,0
DA:143,0
DA:144,0
DA:145,0
DA:146,0
DA:149,0
DA:190,0
DA:195,0
DA:202,0
DA:205,0
DA:211,0
DA:212,0
DA:216,0
DA:221,0
DA:222,0
DA:225,0
DA:253,0
DA:254,0
DA:255,0
DA:258,0
DA:259,0
DA:262,0
DA:337,0
DA:352,0
DA:383,0
DA:398,0
DA:399,0
DA:400,0
DA:402,0
DA:419,0
DA:445,0
DA:484,0
DA:510,0
DA:549,0
DA:572,0
LF:66
LH:0
BRDA:20,0,0,0
BRDA:20,0,1,0
BRDA:25,1,0,0
BRDA:25,1,1,0
BRDA:48,2,0,0
BRDA:48,2,1,0
BRDA:53,3,0,0
BRDA:53,3,1,0
BRDA:53,4,0,0
BRDA:53,4,1,0
BRDA:75,5,0,0
BRDA:75,5,1,0
BRDA:80,6,0,0
BRDA:80,6,1,0
BRDA:80,7,0,0
BRDA:80,7,1,0
BRDA:90,8,0,0
BRDA:90,8,1,0
BRDA:95,9,0,0
BRDA:95,9,1,0
BRDA:115,10,0,0
BRDA:115,10,1,0
BRDA:143,11,0,0
BRDA:143,11,1,0
BRDA:145,12,0,0
BRDA:145,12,1,0
BRDA:211,13,0,0
BRDA:211,13,1,0
BRDA:221,14,0,0
BRDA:221,14,1,0
BRDA:258,15,0,0
BRDA:258,15,1,0
BRDA:258,16,0,0
BRDA:258,16,1,0
BRDA:399,17,0,0
BRDA:399,17,1,0
BRF:36
BRH:0
end_of_record
TN:
SF:src\validation\notification.validation.ts
FNF:0
FNH:0
DA:2,0
DA:7,0
DA:20,0
DA:121,0
DA:250,0
DA:275,0
LF:6
LH:0
BRF:0
BRH:0
end_of_record
TN:
SF:src\validation\product.validation.ts
FN:16,(anonymous_1)
FN:32,(anonymous_2)
FN:38,(anonymous_3)
FN:58,(anonymous_4)
FN:72,(anonymous_5)
FN:81,(anonymous_6)
FN:102,(anonymous_7)
FN:109,(anonymous_8)
FN:255,(anonymous_9)
FNF:9
FNH:0
FNDA:0,(anonymous_1)
FNDA:0,(anonymous_2)
FNDA:0,(anonymous_3)
FNDA:0,(anonymous_4)
FNDA:0,(anonymous_5)
FNDA:0,(anonymous_6)
FNDA:0,(anonymous_7)
FNDA:0,(anonymous_8)
FNDA:0,(anonymous_9)
DA:2,0
DA:3,0
DA:10,0
DA:18,0
DA:19,0
DA:20,0
DA:24,0
DA:32,0
DA:33,0
DA:37,0
DA:38,0
DA:39,0
DA:42,0
DA:60,0
DA:61,0
DA:62,0
DA:66,0
DA:72,0
DA:73,0
DA:76,0
DA:77,0
DA:81,0
DA:82,0
DA:83,0
DA:86,0
DA:104,0
DA:109,0
DA:110,0
DA:113,0
DA:114,0
DA:117,0
DA:256,0
DA:257,0
DA:259,0
DA:260,0
DA:262,0
DA:394,0
DA:411,0
DA:419,0
DA:454,0
DA:492,0
LF:41
LH:0
BRDA:19,0,0,0
BRDA:19,0,1,0
BRDA:32,1,0,0
BRDA:32,1,1,0
BRDA:38,2,0,0
BRDA:38,2,1,0
BRDA:61,3,0,0
BRDA:61,3,1,0
BRDA:76,4,0,0
BRDA:76,4,1,0
BRDA:82,5,0,0
BRDA:82,5,1,0
BRDA:113,6,0,0
BRDA:113,6,1,0
BRDA:256,7,0,0
BRDA:256,7,1,0
BRDA:259,8,0,0
BRDA:259,8,1,0
BRF:18
BRH:0
end_of_record
TN:
SF:src\validation\supplyChain.validation.ts
FN:470,(anonymous_1)
FN:475,(anonymous_2)
FN:479,(anonymous_3)
FN:483,(anonymous_4)
FN:487,(anonymous_5)
FNF:5
FNH:0
FNDA:0,(anonymous_1)
FNDA:0,(anonymous_2)
FNDA:0,(anonymous_3)
FNDA:0,(anonymous_4)
FNDA:0,(anonymous_5)
DA:2,0
DA:6,0
DA:20,0
DA:48,0
DA:77,0
DA:141,0
DA:201,0
DA:358,0
DA:429,0
DA:470,0
DA:471,0
DA:475,0
DA:476,0
DA:479,0
DA:480,0
DA:483,0
DA:484,0
DA:487,0
DA:488,0
DA:489,0
LF:20
LH:0
BRDA:471,0,0,0
BRDA:471,0,1,0
BRDA:471,0,2,0
BRDA:471,0,3,0
BRDA:476,1,0,0
BRDA:476,1,1,0
BRDA:480,2,0,0
BRDA:480,2,1,0
BRDA:484,3,0,0
BRDA:484,3,1,0
BRDA:484,3,2,0
BRF:11
BRH:0
end_of_record
TN:
SF:src\validation\user.validation.ts
FN:32,(anonymous_1)
FNF:1
FNH:0
FNDA:0,(anonymous_1)
DA:2,0
DA:7,0
DA:34,0
DA:39,0
DA:40,0
DA:41,0
DA:44,0
DA:98,0
DA:133,0
DA:157,0
DA:238,0
DA:269,0
DA:283,0
DA:318,0
DA:347,0
DA:417,0
DA:475,0
LF:17
LH:0
BRDA:40,0,0,0
BRDA:40,0,1,0
BRF:2
BRH:0
end_of_record
TN:
SF:src\validation\votes.validation.ts
FN:18,(anonymous_1)
FN:21,(anonymous_2)
FN:43,(anonymous_3)
FN:129,(anonymous_4)
FN:144,(anonymous_5)
FN:154,(anonymous_6)
FN:177,(anonymous_7)
FN:190,(anonymous_8)
FN:204,(anonymous_9)
FN:530,(anonymous_10)
FN:555,(anonymous_11)
FN:603,(anonymous_12)
FN:651,(anonymous_13)
FN:890,(anonymous_14)
FNF:14
FNH:0
FNDA:0,(anonymous_1)
FNDA:0,(anonymous_2)
FNDA:0,(anonymous_3)
FNDA:0,(anonymous_4)
FNDA:0,(anonymous_5)
FNDA:0,(anonymous_6)
FNDA:0,(anonymous_7)
FNDA:0,(anonymous_8)
FNDA:0,(anonymous_9)
FNDA:0,(anonymous_10)
FNDA:0,(anonymous_11)
FNDA:0,(anonymous_12)
FNDA:0,(anonymous_13)
FNDA:0,(anonymous_14)
DA:2,0
DA:11,0
DA:20,0
DA:21,0
DA:22,0
DA:25,0
DA:26,0
DA:29,0
DA:45,0
DA:46,0
DA:47,0
DA:49,0
DA:123,0
DA:131,0
DA:132,0
DA:133,0
DA:137,0
DA:144,0
DA:145,0
DA:149,0
DA:154,0
DA:155,0
DA:158,0
DA:159,0
DA:162,0
DA:179,0
DA:180,0
DA:181,0
DA:185,0
DA:190,0
DA:191,0
DA:194,0
DA:195,0
DA:199,0
DA:204,0
DA:205,0
DA:208,0
DA:209,0
DA:212,0
DA:456,0
DA:498,0
DA:531,0
DA:534,0
DA:540,0
DA:541,0
DA:544,0
DA:557,0
DA:558,0
DA:562,0
DA:563,0
DA:566,0
DA:604,0
DA:605,0
DA:606,0
DA:607,0
DA:610,0
DA:645,0
DA:651,0
DA:681,0
DA:694,0
DA:707,0
DA:796,0
DA:866,0
DA:886,0
DA:891,0
DA:892,0
DA:893,0
DA:895,0
DA:979,0
DA:1047,0
DA:1077,0
DA:1107,0
DA:1159,0
LF:73
LH:0
BRDA:25,0,0,0
BRDA:25,0,1,0
BRDA:46,1,0,0
BRDA:46,1,1,0
BRDA:132,2,0,0
BRDA:132,2,1,0
BRDA:144,3,0,0
BRDA:144,3,1,0
BRDA:158,4,0,0
BRDA:158,4,1,0
BRDA:180,5,0,0
BRDA:180,5,1,0
BRDA:194,6,0,0
BRDA:194,6,1,0
BRDA:208,7,0,0
BRDA:208,7,1,0
BRDA:540,8,0,0
BRDA:540,8,1,0
BRDA:557,9,0,0
BRDA:557,9,1,0
BRDA:562,10,0,0
BRDA:562,10,1,0
BRDA:604,11,0,0
BRDA:604,11,1,0
BRDA:604,12,0,0
BRDA:604,12,1,0
BRDA:606,13,0,0
BRDA:606,13,1,0
BRDA:651,14,0,0
BRDA:651,14,1,0
BRDA:892,15,0,0
BRDA:892,15,1,0
BRF:32
BRH:0
end_of_record
